#
# A fatal error has been detected by the Java Runtime Environment:
#
#  SIGSEGV (0xb) at pc=0x00007fffdeb1c05d, pid=15629, tid=0x0000000000000307
#
# JRE version: Java(TM) SE Runtime Environment (8.0_152-b16) (build 1.8.0_152-b16)
# Java VM: Java HotSpot(TM) 64-Bit Server VM (25.152-b16 mixed mode bsd-amd64 compressed oops)
# Problematic frame:
# C  [libobjc.A.dylib+0x705d]  objc_msgSend+0x1d
#
# Failed to write core dump. Core dumps have been disabled. To enable core dumping, try "ulimit -c unlimited" before starting Java again
#
# If you would like to submit a bug report, please visit:
#   http://bugreport.java.com/bugreport/crash.jsp
# The crash happened outside the Java Virtual Machine in native code.
# See problematic frame for where to report the bug.
#

---------------  T H R E A D  ---------------

Current thread (0x00007fa4a316c800):  JavaThread "AppKit Thread" daemon [_thread_in_native, id=775, stack(0x00007fff59639000,0x00007fff59e39000)]

siginfo: si_signo: 11 (SIGSEGV), si_code: 1 (SEGV_MAPERR), si_addr: 0x00006d7000010028

Registers:
RAX=0x00007fa4a1ff72e0, RBX=0x00007fa4a1e50130, RCX=0x00007fa4a1c4e470, RDX=0x00007fa4a1ff72e0
RSP=0x00007fff59e339f8, RBP=0x00007fff59e33a00, RSI=0x00007fffc83ec843, RDI=0x00007fa4a1c4e470
R8 =0x00000000000000ff, R9 =0x00007fa4a1eace70, R10=0x00006d7000010010, R11=0x00007fffc83ec843
R12=0x0000000000000000, R13=0x00007fa4a1eace70, R14=0x00007fa4a1ff72e0, R15=0x0000000000000000
RIP=0x00007fffdeb1c05d, EFLAGS=0x0000000000010202, ERR=0x0000000000000004
  TRAPNO=0x000000000000000e

Top of Stack: (sp=0x00007fff59e339f8)
0x00007fff59e339f8:   00007fffc9c8445c 00007fff59e33a70
0x00007fff59e33a08:   00007fffc9c8435b 0000000000000000
0x00007fff59e33a18:   00007fffe8306060 00000000c2000000
0x00007fff59e33a28:   00007fffc9c843b0 00007fffe4b82680
0x00007fff59e33a38:   00007fa4a1eace70 00007fa4a1ff72e0
0x00007fff59e33a48:   00007fff59e34238 00007fffdeb1c040
0x00007fff59e33a58:   00007fff59e33b40 00007fa4a1eace70
0x00007fff59e33a68:   00007fffc838405a 00007fff59e33ab0
0x00007fff59e33a78:   00007fffc9c840c2 00007fff59e34080
0x00007fff59e33a88:   0000000000000001 00007fffdeb1c040
0x00007fff59e33a98:   00007fff59e33b40 00007fff59e34238
0x00007fff59e33aa8:   00007fffc838405a 00007fff59e341d0
0x00007fff59e33ab8:   00007fffc9c41523 00007fa4a1f00000
0x00007fff59e33ac8:   0000000000000000 0000000105de6a00
0x00007fff59e33ad8:   0000000000000004 00007fa4a1f033f0
0x00007fff59e33ae8:   00007fffe4b83cb0 0000000000000000
0x00007fff59e33af8:   00007fa4a2a3a0d0 00007fa4a1f03401
0x00007fff59e33b08:   00007fa4a1dbfff0 00007fffe4cb60e0
0x00007fff59e33b18:   0000000000000000 0000000000000000
0x00007fff59e33b28:   0000000000000000 00007fa4a1dc0c20
0x00007fff59e33b38:   00007fffe4bc2900 00007fff59e34080
0x00007fff59e33b48:   0000000000000002 0000000000000100
0x00007fff59e33b58:   00007fffe8273400 00007fff59e33f80
0x00007fff59e33b68:   0000000000000000 0000000000000100
0x00007fff59e33b78:   00007fa4a1fcb400 00007fff59e33bb0
0x00007fff59e33b88:   00007fffc9c84d0c ffff805b5e034ba0
0x00007fff59e33b98:   00007fa4a1fcb460 00007fffe4cb3640
0x00007fff59e33ba8:   00007fa4a1fcb460 00007fff59e33be0
0x00007fff59e33bb8:   00007fffc9c84d58 ffff805b5e034ba0
0x00007fff59e33bc8:   00007fa4a1fcb460 00007fffe4cb38c0
0x00007fff59e33bd8:   00007fa4a1fcb460 00007fff59e33c10
0x00007fff59e33be8:   00007fffc9c84e3b 0000000000000700 

Instructions: (pc=0x00007fffdeb1c05d)
0x00007fffdeb1c03d:   0f 1f 00 48 85 ff 2e 74 62 40 f6 c7 01 2e 75 66
0x00007fffdeb1c04d:   49 ba f8 ff ff ff ff 7f 00 00 4c 23 17 49 89 f3
0x00007fffdeb1c05d:   45 23 5a 18 49 c1 e3 04 4d 03 5a 10 49 3b 33 75
0x00007fffdeb1c06d:   04 41 ff 63 08 49 83 3b 01 76 0d 49 83 c3 10 49 

Register to memory mapping:

RAX=0x00007fa4a1ff72e0 is an unknown value
RBX=0x00007fa4a1e50130 is an unknown value
RCX=0x00007fa4a1c4e470 is an unknown value
RDX=0x00007fa4a1ff72e0 is an unknown value
RSP=0x00007fff59e339f8 is pointing into the stack for thread: 0x00007fa4a316c800
RBP=0x00007fff59e33a00 is pointing into the stack for thread: 0x00007fa4a316c800
RSI=0x00007fffc83ec843: __NSStyleNameIndexTable+0xe048b in /System/Library/Frameworks/AppKit.framework/Versions/C/AppKit at 0x00007fffc771f000
RDI=0x00007fa4a1c4e470 is an unknown value
R8 =0x00000000000000ff is an unknown value
R9 =0x00007fa4a1eace70 is an unknown value
R10=0x00006d7000010010 is an unknown value
R11=0x00007fffc83ec843: __NSStyleNameIndexTable+0xe048b in /System/Library/Frameworks/AppKit.framework/Versions/C/AppKit at 0x00007fffc771f000
R12=0x0000000000000000 is an unknown value
R13=0x00007fa4a1eace70 is an unknown value
R14=0x00007fa4a1ff72e0 is an unknown value
R15=0x0000000000000000 is an unknown value


Stack: [0x00007fff59639000,0x00007fff59e39000],  sp=0x00007fff59e339f8,  free space=8170k
Native frames: (J=compiled Java code, j=interpreted, Vv=VM code, C=native code)
C  [libobjc.A.dylib+0x705d]  objc_msgSend+0x1d
C  [CoreFoundation+0x9d35b]  _CFXRegistrationPost+0x1ab
C  [CoreFoundation+0x9d0c2]  ___CFXNotificationPost_block_invoke+0x32
C  [CoreFoundation+0x5a523]  -[_CFXNotificationRegistrar find:object:observer:enumerator:]+0x723
C  [CoreFoundation+0x5955c]  _CFXNotificationPost+0x25c
C  [Foundation+0x6677]  -[NSNotificationCenter postNotificationName:object:userInfo:]+0x42
C  [AppKit+0x24ee3b]  -[NSSurface _disposeSurface]+0x98
C  [AppKit+0x24e9ea]  -[NSSurface setWindow:]+0x35
C  [AppKit+0x28960]  -[NSView _setWindow:]+0xa0f
C  [AppKit+0x2b587]  -[NSView removeFromSuperview]+0x1d1
C  [AppKit+0x14cd60]  -[NSView removeFromSuperviewWithoutNeedingDisplay]+0x26
C  [liblwjgl.jnilib+0x936e]  +[MacOSXKeyableWindow destroyWindow]+0xde
C  [Foundation+0x7152a]  __NSThreadPerformPerform+0x146
C  [CoreFoundation+0xa7321]  __CFRUNLOOP_IS_CALLING_OUT_TO_A_SOURCE0_PERFORM_FUNCTION__+0x11
C  [CoreFoundation+0x8821d]  __CFRunLoopDoSources0+0x22d
C  [CoreFoundation+0x87716]  __CFRunLoopRun+0x3a6
C  [CoreFoundation+0x87114]  CFRunLoopRunSpecific+0x1a4
C  [HIToolbox+0x30ebc]  RunCurrentEventLoopInMode+0xf0
C  [HIToolbox+0x30cf1]  ReceiveNextEventCommon+0x1b0
C  [HIToolbox+0x30b26]  _BlockUntilNextEventMatchingListInModeWithFilter+0x47
C  [AppKit+0x46a54]  _DPSNextEvent+0x460
C  [AppKit+0x7c27ee]  -[NSApplication(NSEvent) _nextEventMatchingEventMask:untilDate:inMode:dequeue:]+0xaec
C  [libosxapp.dylib+0x23aa]  -[NSApplicationAWT nextEventMatchingMask:untilDate:inMode:dequeue:]+0x7c
C  [AppKit+0x3b3db]  -[NSApplication run]+0x39e
C  [libosxapp.dylib+0x214d]  +[NSApplicationAWT runAWTLoopWithApp:]+0x9c
C  [libawt_lwawt.dylib+0x47397]  -[AWTStarter starter:]+0x389
C  [Foundation+0x7152a]  __NSThreadPerformPerform+0x146
C  [CoreFoundation+0xa7321]  __CFRUNLOOP_IS_CALLING_OUT_TO_A_SOURCE0_PERFORM_FUNCTION__+0x11
C  [CoreFoundation+0x8821d]  __CFRunLoopDoSources0+0x22d
C  [CoreFoundation+0x87716]  __CFRunLoopRun+0x3a6
C  [CoreFoundation+0x87114]  CFRunLoopRunSpecific+0x1a4
C  [java+0x647a]  CreateExecutionEnvironment+0x367
C  [java+0x212c]  JLI_Launch+0x7a0
C  [java+0x84d7]  main+0x65
C  [java+0x1984]  start+0x34
C  0x0000000000000006


---------------  P R O C E S S  ---------------

Java Threads: ( => current thread )
  0x00007fa4a28b6000 JavaThread "AWT-Shutdown" [_thread_blocked, id=25927, stack(0x00007000081ba000,0x00007000082ba000)]
  0x00007fa4a2ae5000 JavaThread "Thread-1" [_thread_in_native, id=68631, stack(0x000070000957c000,0x000070000967c000)]
  0x00007fa4a39f0000 JavaThread "Java2D Disposer" daemon [_thread_blocked, id=65295, stack(0x0000700009479000,0x0000700009579000)]
  0x00007fa4a2215800 JavaThread "Java2D Queue Flusher" daemon [_thread_blocked, id=65803, stack(0x0000700009376000,0x0000700009476000)]
=>0x00007fa4a316c800 JavaThread "AppKit Thread" daemon [_thread_in_native, id=775, stack(0x00007fff59639000,0x00007fff59e39000)]
  0x00007fa4a2841800 JavaThread "Service Thread" daemon [_thread_blocked, id=18691, stack(0x0000700008ee4000,0x0000700008fe4000)]
  0x00007fa4a381a000 JavaThread "C1 CompilerThread2" daemon [_thread_blocked, id=18179, stack(0x0000700008de1000,0x0000700008ee1000)]
  0x00007fa4a3819000 JavaThread "C2 CompilerThread1" daemon [_thread_blocked, id=17667, stack(0x0000700008cde000,0x0000700008dde000)]
  0x00007fa4a301c800 JavaThread "C2 CompilerThread0" daemon [_thread_blocked, id=17155, stack(0x0000700008bdb000,0x0000700008cdb000)]
  0x00007fa4a3817800 JavaThread "Signal Dispatcher" daemon [_thread_blocked, id=16643, stack(0x0000700008ad8000,0x0000700008bd8000)]
  0x00007fa4a3016800 JavaThread "Finalizer" daemon [_thread_blocked, id=12547, stack(0x00007000089d5000,0x0000700008ad5000)]
  0x00007fa4a3010000 JavaThread "Reference Handler" daemon [_thread_blocked, id=12035, stack(0x00007000088d2000,0x00007000089d2000)]
  0x00007fa4a2003800 JavaThread "main" [_thread_in_native, id=7171, stack(0x00007000082c0000,0x00007000083c0000)]

Other Threads:
  0x00007fa4a300b800 VMThread [stack: 0x00007000087cf000,0x00007000088cf000] [id=11523]
  0x00007fa4a2842000 WatcherThread [stack: 0x0000700008fe7000,0x00007000090e7000] [id=19203]

VM state:not at safepoint (normal execution)

VM Mutex/Monitor currently owned by a thread: None

Heap:
 PSYoungGen      total 35328K, used 28177K [0x0000000795580000, 0x0000000798100000, 0x00000007c0000000)
  eden space 28160K, 98% used [0x0000000795580000,0x0000000797084568,0x0000000797100000)
  from space 7168K, 7% used [0x0000000797a00000,0x0000000797a80000,0x0000000798100000)
  to   space 8192K, 0% used [0x0000000797100000,0x0000000797100000,0x0000000797900000)
 ParOldGen       total 87552K, used 6975K [0x0000000740000000, 0x0000000745580000, 0x0000000795580000)
  object space 87552K, 7% used [0x0000000740000000,0x00000007406cfed0,0x0000000745580000)
 Metaspace       used 10121K, capacity 10340K, committed 10624K, reserved 1058816K
  class space    used 1033K, capacity 1119K, committed 1152K, reserved 1048576K

Card table byte_map: [0x0000000107b6c000,0x0000000107f6d000] byte_map_base: 0x000000010416c000

Marking Bits: (ParMarkBitMap*) 0x00000001070f66c0
 Begin Bits: [0x000000011a1f6000, 0x000000011c1f6000)
 End Bits:   [0x000000011c1f6000, 0x000000011e1f6000)

Polling page: 0x0000000105e88000

CodeCache: size=245760Kb used=5329Kb max_used=5329Kb free=240430Kb
 bounds [0x000000010b1f6000, 0x000000010b736000, 0x000000011a1f6000]
 total_blobs=2017 nmethods=1490 adapters=441
 compilation: enabled

Compilation events (10 events):
Event: 962.139 Thread 0x00007fa4a381a000 1492   !   3       org.lwjgl.input.Mouse::isButtonDown (61 bytes)
Event: 962.140 Thread 0x00007fa4a381a000 nmethod 1492 0x000000010b715890 code [0x000000010b715a40, 0x000000010b716038]
Event: 962.708 Thread 0x00007fa4a381a000 1493       3       org.newdawn.slick.opengl.renderer.DefaultLineStripRenderer::setWidth (11 bytes)
Event: 962.709 Thread 0x00007fa4a381a000 nmethod 1493 0x000000010b714810 code [0x000000010b714a20, 0x000000010b715278]
Event: 962.709 Thread 0x00007fa4a381a000 1494       3       org.newdawn.slick.opengl.renderer.ImmediateModeOGLRenderer::glPointSize (5 bytes)
Event: 962.710 Thread 0x00007fa4a381a000 nmethod 1494 0x000000010b72ce90 code [0x000000010b72d080, 0x000000010b72d818]
Event: 962.710 Thread 0x00007fa4a381a000 1495       3       org.lwjgl.opengl.GL11::glPointSize (19 bytes)
Event: 962.710 Thread 0x00007fa4a381a000 nmethod 1495 0x000000010b72dcd0 code [0x000000010b72dec0, 0x000000010b72e5d8]
Event: 962.710 Thread 0x00007fa4a381a000 1497       3       org.newdawn.slick.state.StateBasedGame::preRenderState (1 bytes)
Event: 962.710 Thread 0x00007fa4a381a000 nmethod 1497 0x000000010b714150 code [0x000000010b7142a0, 0x000000010b7143f0]

GC Heap History (10 events):
Event: 15.812 GC heap before
{Heap before GC invocations=10 (full 0):
 PSYoungGen      total 38912K, used 31200K [0x0000000795580000, 0x0000000798480000, 0x00000007c0000000)
  eden space 30720K, 100% used [0x0000000795580000,0x0000000797380000,0x0000000797380000)
  from space 8192K, 5% used [0x0000000797400000,0x0000000797478000,0x0000000797c00000)
  to   space 8704K, 0% used [0x0000000797c00000,0x0000000797c00000,0x0000000798480000)
 ParOldGen       total 87552K, used 6487K [0x0000000740000000, 0x0000000745580000, 0x0000000795580000)
  object space 87552K, 7% used [0x0000000740000000,0x0000000740655ed0,0x0000000745580000)
 Metaspace       used 10051K, capacity 10212K, committed 10368K, reserved 1058816K
  class space    used 1032K, capacity 1119K, committed 1152K, reserved 1048576K
Event: 15.814 GC heap after
Heap after GC invocations=10 (full 0):
 PSYoungGen      total 38400K, used 512K [0x0000000795580000, 0x0000000798400000, 0x00000007c0000000)
  eden space 30208K, 0% used [0x0000000795580000,0x0000000795580000,0x0000000797300000)
  from space 8192K, 6% used [0x0000000797c00000,0x0000000797c80000,0x0000000798400000)
  to   space 8704K, 0% used [0x0000000797300000,0x0000000797300000,0x0000000797b80000)
 ParOldGen       total 87552K, used 6495K [0x0000000740000000, 0x0000000745580000, 0x0000000795580000)
  object space 87552K, 7% used [0x0000000740000000,0x0000000740657ed0,0x0000000745580000)
 Metaspace       used 10051K, capacity 10212K, committed 10368K, reserved 1058816K
  class space    used 1032K, capacity 1119K, committed 1152K, reserved 1048576K
}
Event: 72.106 GC heap before
{Heap before GC invocations=11 (full 0):
 PSYoungGen      total 38400K, used 30720K [0x0000000795580000, 0x0000000798400000, 0x00000007c0000000)
  eden space 30208K, 100% used [0x0000000795580000,0x0000000797300000,0x0000000797300000)
  from space 8192K, 6% used [0x0000000797c00000,0x0000000797c80000,0x0000000798400000)
  to   space 8704K, 0% used [0x0000000797300000,0x0000000797300000,0x0000000797b80000)
 ParOldGen       total 87552K, used 6495K [0x0000000740000000, 0x0000000745580000, 0x0000000795580000)
  object space 87552K, 7% used [0x0000000740000000,0x0000000740657ed0,0x0000000745580000)
 Metaspace       used 10101K, capacity 10276K, committed 10368K, reserved 1058816K
  class space    used 1032K, capacity 1119K, committed 1152K, reserved 1048576K
Event: 72.107 GC heap after
Heap after GC invocations=11 (full 0):
 PSYoungGen      total 30208K, used 480K [0x0000000795580000, 0x0000000798380000, 0x00000007c0000000)
  eden space 29696K, 0% used [0x0000000795580000,0x0000000795580000,0x0000000797280000)
  from space 512K, 93% used [0x0000000797300000,0x0000000797378000,0x0000000797380000)
  to   space 8704K, 0% used [0x0000000797b00000,0x0000000797b00000,0x0000000798380000)
 ParOldGen       total 87552K, used 6511K [0x0000000740000000, 0x0000000745580000, 0x0000000795580000)
  object space 87552K, 7% used [0x0000000740000000,0x000000074065bed0,0x0000000745580000)
 Metaspace       used 10101K, capacity 10276K, committed 10368K, reserved 1058816K
  class space    used 1032K, capacity 1119K, committed 1152K, reserved 1048576K
}
Event: 724.074 GC heap before
{Heap before GC invocations=12 (full 0):
 PSYoungGen      total 30208K, used 30176K [0x0000000795580000, 0x0000000798380000, 0x00000007c0000000)
  eden space 29696K, 100% used [0x0000000795580000,0x0000000797280000,0x0000000797280000)
  from space 512K, 93% used [0x0000000797300000,0x0000000797378000,0x0000000797380000)
  to   space 8704K, 0% used [0x0000000797b00000,0x0000000797b00000,0x0000000798380000)
 ParOldGen       total 87552K, used 6511K [0x0000000740000000, 0x0000000745580000, 0x0000000795580000)
  object space 87552K, 7% used [0x0000000740000000,0x000000074065bed0,0x0000000745580000)
 Metaspace       used 10102K, capacity 10276K, committed 10368K, reserved 1058816K
  class space    used 1032K, capacity 1119K, committed 1152K, reserved 1048576K
Event: 724.075 GC heap after
Heap after GC invocations=12 (full 0):
 PSYoungGen      total 37376K, used 32K [0x0000000795580000, 0x0000000798300000, 0x00000007c0000000)
  eden space 29184K, 0% used [0x0000000795580000,0x0000000795580000,0x0000000797200000)
  from space 8192K, 0% used [0x0000000797b00000,0x0000000797b08000,0x0000000798300000)
  to   space 8704K, 0% used [0x0000000797200000,0x0000000797200000,0x0000000797a80000)
 ParOldGen       total 87552K, used 6959K [0x0000000740000000, 0x0000000745580000, 0x0000000795580000)
  object space 87552K, 7% used [0x0000000740000000,0x00000007406cbed0,0x0000000745580000)
 Metaspace       used 10102K, capacity 10276K, committed 10368K, reserved 1058816K
  class space    used 1032K, capacity 1119K, committed 1152K, reserved 1048576K
}
Event: 961.808 GC heap before
{Heap before GC invocations=13 (full 0):
 PSYoungGen      total 37376K, used 29216K [0x0000000795580000, 0x0000000798300000, 0x00000007c0000000)
  eden space 29184K, 100% used [0x0000000795580000,0x0000000797200000,0x0000000797200000)
  from space 8192K, 0% used [0x0000000797b00000,0x0000000797b08000,0x0000000798300000)
  to   space 8704K, 0% used [0x0000000797200000,0x0000000797200000,0x0000000797a80000)
 ParOldGen       total 87552K, used 6959K [0x0000000740000000, 0x0000000745580000, 0x0000000795580000)
  object space 87552K, 7% used [0x0000000740000000,0x00000007406cbed0,0x0000000745580000)
 Metaspace       used 10114K, capacity 10340K, committed 10624K, reserved 1058816K
  class space    used 1032K, capacity 1119K, committed 1152K, reserved 1048576K
Event: 961.810 GC heap after
Heap after GC invocations=13 (full 0):
 PSYoungGen      total 29184K, used 512K [0x0000000795580000, 0x0000000798280000, 0x00000007c0000000)
  eden space 28672K, 0% used [0x0000000795580000,0x0000000795580000,0x0000000797180000)
  from space 512K, 100% used [0x0000000797200000,0x0000000797280000,0x0000000797280000)
  to   space 8704K, 0% used [0x0000000797a00000,0x0000000797a00000,0x0000000798280000)
 ParOldGen       total 87552K, used 6959K [0x0000000740000000, 0x0000000745580000, 0x0000000795580000)
  object space 87552K, 7% used [0x0000000740000000,0x00000007406cbed0,0x0000000745580000)
 Metaspace       used 10114K, capacity 10340K, committed 10624K, reserved 1058816K
  class space    used 1032K, capacity 1119K, committed 1152K, reserved 1048576K
}
Event: 962.375 GC heap before
{Heap before GC invocations=14 (full 0):
 PSYoungGen      total 29184K, used 29184K [0x0000000795580000, 0x0000000798280000, 0x00000007c0000000)
  eden space 28672K, 100% used [0x0000000795580000,0x0000000797180000,0x0000000797180000)
  from space 512K, 100% used [0x0000000797200000,0x0000000797280000,0x0000000797280000)
  to   space 8704K, 0% used [0x0000000797a00000,0x0000000797a00000,0x0000000798280000)
 ParOldGen       total 87552K, used 6959K [0x0000000740000000, 0x0000000745580000, 0x0000000795580000)
  object space 87552K, 7% used [0x0000000740000000,0x00000007406cbed0,0x0000000745580000)
 Metaspace       used 10114K, capacity 10340K, committed 10624K, reserved 1058816K
  class space    used 1032K, capacity 1119K, committed 1152K, reserved 1048576K
Event: 962.378 GC heap after
Heap after GC invocations=14 (full 0):
 PSYoungGen      total 35328K, used 512K [0x0000000795580000, 0x0000000798100000, 0x00000007c0000000)
  eden space 28160K, 0% used [0x0000000795580000,0x0000000795580000,0x0000000797100000)
  from space 7168K, 7% used [0x0000000797a00000,0x0000000797a80000,0x0000000798100000)
  to   space 8192K, 0% used [0x0000000797100000,0x0000000797100000,0x0000000797900000)
 ParOldGen       total 87552K, used 6975K [0x0000000740000000, 0x0000000745580000, 0x0000000795580000)
  object space 87552K, 7% used [0x0000000740000000,0x00000007406cfed0,0x0000000745580000)
 Metaspace       used 10114K, capacity 10340K, committed 10624K, reserved 1058816K
  class space    used 1032K, capacity 1119K, committed 1152K, reserved 1048576K
}

Deoptimization events (6 events):
Event: 0.123 Thread 0x00007fa4a2003800 Uncommon trap: reason=unstable_if action=reinterpret pc=0x000000010b3156a8 method=java.lang.String.hashCode()I @ 14
Event: 0.468 Thread 0x00007fa4a2003800 Uncommon trap: reason=unstable_if action=reinterpret pc=0x000000010b39688c method=java.lang.String.replace(CC)Ljava/lang/String; @ 26
Event: 0.477 Thread 0x00007fa4a2003800 Uncommon trap: reason=unstable_if action=reinterpret pc=0x000000010b394cc8 method=java.lang.String.indexOf([CII[CIII)I @ 134
Event: 3.054 Thread 0x00007fa4a2003800 Uncommon trap: reason=unstable_if action=reinterpret pc=0x000000010b423820 method=java.lang.CharacterData.of(I)Ljava/lang/CharacterData; @ 4
Event: 961.536 Thread 0x00007fa4a2003800 Uncommon trap: reason=unstable_if action=reinterpret pc=0x000000010b6df03c method=org.newdawn.slick.Input.poll(II)V @ 441
Event: 962.924 Thread 0x00007fa4a2003800 Uncommon trap: reason=unstable_if action=reinterpret pc=0x000000010b702b38 method=org.newdawn.slick.AppGameContainer.gameLoop()V @ 60

Classes redefined (0 events):
No events

Internal exceptions (10 events):
Event: 0.040 Thread 0x00007fa4a2003800 Exception <a 'java/lang/NoSuchMethodError': Method sun.misc.Unsafe.prefetchRead(Ljava/lang/Object;J)V name or signature does not match> (0x0000000795587f90) thrown at [/Users/java_re/workspace/8-2-build-macosx-x86_64/jdk8u152/9742/hotspot/src/share/vm/pri
Event: 0.193 Thread 0x00007fa4a2003800 Exception <a 'java/security/PrivilegedActionException'> (0x0000000795818ed0) thrown at [/Users/java_re/workspace/8-2-build-macosx-x86_64/jdk8u152/9742/hotspot/src/share/vm/prims/jvm.cpp, line 1390]
Event: 0.193 Thread 0x00007fa4a2003800 Exception <a 'java/security/PrivilegedActionException'> (0x00000007958190e0) thrown at [/Users/java_re/workspace/8-2-build-macosx-x86_64/jdk8u152/9742/hotspot/src/share/vm/prims/jvm.cpp, line 1390]
Event: 0.193 Thread 0x00007fa4a2003800 Exception <a 'java/security/PrivilegedActionException'> (0x000000079581c618) thrown at [/Users/java_re/workspace/8-2-build-macosx-x86_64/jdk8u152/9742/hotspot/src/share/vm/prims/jvm.cpp, line 1390]
Event: 0.193 Thread 0x00007fa4a2003800 Exception <a 'java/security/PrivilegedActionException'> (0x000000079581c828) thrown at [/Users/java_re/workspace/8-2-build-macosx-x86_64/jdk8u152/9742/hotspot/src/share/vm/prims/jvm.cpp, line 1390]
Event: 0.247 Thread 0x00007fa4a2003800 Exception <a 'java/lang/NoSuchFieldError': method resolution failed> (0x00000007958e9a18) thrown at [/Users/java_re/workspace/8-2-build-macosx-x86_64/jdk8u152/9742/hotspot/src/share/vm/prims/methodHandles.cpp, line 1167]
Event: 0.249 Thread 0x00007fa4a2003800 Exception <a 'java/lang/NoSuchFieldError': method resolution failed> (0x00000007958f7168) thrown at [/Users/java_re/workspace/8-2-build-macosx-x86_64/jdk8u152/9742/hotspot/src/share/vm/prims/methodHandles.cpp, line 1167]
Event: 0.443 Thread 0x00007fa4a2003800 Exception <a 'java/io/FileNotFoundException'> (0x0000000795971ff0) thrown at [/Users/java_re/workspace/8-2-build-macosx-x86_64/jdk8u152/9742/hotspot/src/share/vm/prims/jni.cpp, line 709]
Event: 0.444 Thread 0x00007fa4a2003800 Exception <a 'java/io/FileNotFoundException'> (0x0000000795972b58) thrown at [/Users/java_re/workspace/8-2-build-macosx-x86_64/jdk8u152/9742/hotspot/src/share/vm/prims/jni.cpp, line 709]
Event: 0.457 Thread 0x00007fa4a2003800 Exception <a 'java/lang/UnsatisfiedLinkError'> (0x0000000795981428) thrown at [/Users/java_re/workspace/8-2-build-macosx-x86_64/jdk8u152/9742/hotspot/src/share/vm/prims/jvm.cpp, line 1394]

Events (10 events):
Event: 961.536 Thread 0x00007fa4a2003800 DEOPT UNPACKING pc=0x000000010b1fb229 sp=0x00007000083bf778 mode 2
Event: 961.808 Executing VM operation: ParallelGCFailedAllocation
Event: 961.810 Executing VM operation: ParallelGCFailedAllocation done
Event: 962.375 Executing VM operation: ParallelGCFailedAllocation
Event: 962.378 Executing VM operation: ParallelGCFailedAllocation done
Event: 962.924 Thread 0x00007fa4a2003800 Uncommon trap: trap_request=0xffffff65 fr.pc=0x000000010b702b38
Event: 962.924 Thread 0x00007fa4a2003800 DEOPT PACKING pc=0x000000010b702b38 sp=0x00007000083bf890
Event: 962.924 Thread 0x00007fa4a2003800 DEOPT UNPACKING pc=0x000000010b1fb229 sp=0x00007000083bf808 mode 2
Event: 962.929 loading class org/lwjgl/opengl/CallbackUtil
Event: 962.929 loading class org/lwjgl/opengl/CallbackUtil done


Dynamic libraries:
0x000000005486e000 	/System/Library/Frameworks/Cocoa.framework/Versions/A/Cocoa
0x000000005486e000 	/System/Library/Frameworks/Security.framework/Versions/A/Security
0x000000005486e000 	/System/Library/Frameworks/ApplicationServices.framework/Versions/A/ApplicationServices
0x000000005486e000 	/usr/lib/libz.1.dylib
0x000000005486e000 	/usr/lib/libSystem.B.dylib
0x000000005486e000 	/usr/lib/libobjc.A.dylib
0x000000005486e000 	/System/Library/Frameworks/CoreFoundation.framework/Versions/A/CoreFoundation
0x000000005486e000 	/System/Library/Frameworks/Foundation.framework/Versions/C/Foundation
0x000000005486e000 	/System/Library/Frameworks/AppKit.framework/Versions/C/AppKit
0x000000005486e000 	/System/Library/Frameworks/CoreData.framework/Versions/A/CoreData
0x000000005486e000 	/System/Library/PrivateFrameworks/RemoteViewServices.framework/Versions/A/RemoteViewServices
0x000000005486e000 	/System/Library/PrivateFrameworks/UIFoundation.framework/Versions/A/UIFoundation
0x000000005486e000 	/System/Library/PrivateFrameworks/DFRFoundation.framework/Versions/A/DFRFoundation
0x000000005486e000 	/usr/lib/libenergytrace.dylib
0x000000005486e000 	/System/Library/PrivateFrameworks/SkyLight.framework/Versions/A/SkyLight
0x000000005486e000 	/System/Library/Frameworks/CoreGraphics.framework/Versions/A/CoreGraphics
0x000000005486e000 	/usr/lib/libScreenReader.dylib
0x000000005486e000 	/System/Library/Frameworks/Accelerate.framework/Versions/A/Accelerate
0x000000005486e000 	/System/Library/Frameworks/IOSurface.framework/Versions/A/IOSurface
0x000000005486e000 	/System/Library/Frameworks/AudioToolbox.framework/Versions/A/AudioToolbox
0x000000005486e000 	/System/Library/Frameworks/AudioUnit.framework/Versions/A/AudioUnit
0x000000005486e000 	/System/Library/PrivateFrameworks/DataDetectorsCore.framework/Versions/A/DataDetectorsCore
0x000000005486e000 	/System/Library/PrivateFrameworks/DesktopServicesPriv.framework/Versions/A/DesktopServicesPriv
0x000000005486e000 	/System/Library/Frameworks/Carbon.framework/Versions/A/Frameworks/HIToolbox.framework/Versions/A/HIToolbox
0x000000005486e000 	/usr/lib/libicucore.A.dylib
0x000000005486e000 	/System/Library/Frameworks/QuartzCore.framework/Versions/A/QuartzCore
0x000000005486e000 	/System/Library/Frameworks/Carbon.framework/Versions/A/Frameworks/SpeechRecognition.framework/Versions/A/SpeechRecognition
0x000000005486e000 	/usr/lib/libauto.dylib
0x000000005486e000 	/usr/lib/libxml2.2.dylib
0x000000005486e000 	/System/Library/PrivateFrameworks/CoreUI.framework/Versions/A/CoreUI
0x000000005486e000 	/System/Library/Frameworks/CoreAudio.framework/Versions/A/CoreAudio
0x000000005486e000 	/System/Library/Frameworks/DiskArbitration.framework/Versions/A/DiskArbitration
0x000000005486e000 	/usr/lib/liblangid.dylib
0x000000005486e000 	/System/Library/PrivateFrameworks/MultitouchSupport.framework/Versions/A/MultitouchSupport
0x000000005486e000 	/System/Library/Frameworks/IOKit.framework/Versions/A/IOKit
0x000000005486e000 	/usr/lib/libDiagnosticMessagesClient.dylib
0x000000005486e000 	/System/Library/Frameworks/CoreServices.framework/Versions/A/CoreServices
0x000000005486e000 	/System/Library/PrivateFrameworks/PerformanceAnalysis.framework/Versions/A/PerformanceAnalysis
0x000000005486e000 	/System/Library/PrivateFrameworks/GenerationalStorage.framework/Versions/A/GenerationalStorage
0x000000005486e000 	/System/Library/Frameworks/OpenGL.framework/Versions/A/OpenGL
0x000000005486e000 	/System/Library/Frameworks/CoreImage.framework/Versions/A/CoreImage
0x000000005486e000 	/System/Library/Frameworks/CoreText.framework/Versions/A/CoreText
0x000000005486e000 	/System/Library/Frameworks/ImageIO.framework/Versions/A/ImageIO
0x000000005486e000 	/System/Library/PrivateFrameworks/Backup.framework/Versions/A/Backup
0x000000005486e000 	/usr/lib/libarchive.2.dylib
0x000000005486e000 	/System/Library/Frameworks/CFNetwork.framework/Versions/A/CFNetwork
0x000000005486e000 	/System/Library/Frameworks/SystemConfiguration.framework/Versions/A/SystemConfiguration
0x000000005486e000 	/usr/lib/libCRFSuite.dylib
0x000000005486e000 	/usr/lib/libc++.1.dylib
0x000000005486e000 	/usr/lib/libc++abi.dylib
0x000000005486e000 	/usr/lib/system/libcache.dylib
0x000000005486e000 	/usr/lib/system/libcommonCrypto.dylib
0x000000005486e000 	/usr/lib/system/libcompiler_rt.dylib
0x000000005486e000 	/usr/lib/system/libcopyfile.dylib
0x000000005486e000 	/usr/lib/system/libcorecrypto.dylib
0x000000005486e000 	/usr/lib/system/libdispatch.dylib
0x000000005486e000 	/usr/lib/system/libdyld.dylib
0x000000005486e000 	/usr/lib/system/libkeymgr.dylib
0x000000005486e000 	/usr/lib/system/liblaunch.dylib
0x000000005486e000 	/usr/lib/system/libmacho.dylib
0x000000005486e000 	/usr/lib/system/libquarantine.dylib
0x000000005486e000 	/usr/lib/system/libremovefile.dylib
0x000000005486e000 	/usr/lib/system/libsystem_asl.dylib
0x000000005486e000 	/usr/lib/system/libsystem_blocks.dylib
0x000000005486e000 	/usr/lib/system/libsystem_c.dylib
0x000000005486e000 	/usr/lib/system/libsystem_configuration.dylib
0x000000005486e000 	/usr/lib/system/libsystem_coreservices.dylib
0x000000005486e000 	/usr/lib/system/libsystem_coretls.dylib
0x000000005486e000 	/usr/lib/system/libsystem_dnssd.dylib
0x000000005486e000 	/usr/lib/system/libsystem_info.dylib
0x000000005486e000 	/usr/lib/system/libsystem_kernel.dylib
0x000000005486e000 	/usr/lib/system/libsystem_m.dylib
0x000000005486e000 	/usr/lib/system/libsystem_malloc.dylib
0x000000005486e000 	/usr/lib/system/libsystem_network.dylib
0x000000005486e000 	/usr/lib/system/libsystem_networkextension.dylib
0x000000005486e000 	/usr/lib/system/libsystem_notify.dylib
0x000000005486e000 	/usr/lib/system/libsystem_platform.dylib
0x000000005486e000 	/usr/lib/system/libsystem_pthread.dylib
0x000000005486e000 	/usr/lib/system/libsystem_sandbox.dylib
0x000000005486e000 	/usr/lib/system/libsystem_secinit.dylib
0x000000005486e000 	/usr/lib/system/libsystem_symptoms.dylib
0x000000005486e000 	/usr/lib/system/libsystem_trace.dylib
0x000000005486e000 	/usr/lib/system/libunwind.dylib
0x000000005486e000 	/usr/lib/system/libxpc.dylib
0x000000005486e000 	/usr/lib/libbsm.0.dylib
0x000000005486e000 	/usr/lib/system/libkxld.dylib
0x000000005486e000 	/usr/lib/libcoretls.dylib
0x000000005486e000 	/usr/lib/libcoretls_cfhelpers.dylib
0x000000005486e000 	/usr/lib/libOpenScriptingUtil.dylib
0x000000005486e000 	/usr/lib/libpam.2.dylib
0x000000005486e000 	/usr/lib/libsqlite3.dylib
0x000000005486e000 	/usr/lib/libxar.1.dylib
0x000000005486e000 	/usr/lib/libbz2.1.0.dylib
0x000000005486e000 	/usr/lib/liblzma.5.dylib
0x000000005486e000 	/usr/lib/libnetwork.dylib
0x000000005486e000 	/usr/lib/libpcap.A.dylib
0x000000005486e000 	/System/Library/Frameworks/CoreServices.framework/Versions/A/Frameworks/FSEvents.framework/Versions/A/FSEvents
0x000000005486e000 	/System/Library/Frameworks/CoreServices.framework/Versions/A/Frameworks/CarbonCore.framework/Versions/A/CarbonCore
0x000000005486e000 	/System/Library/Frameworks/CoreServices.framework/Versions/A/Frameworks/Metadata.framework/Versions/A/Metadata
0x000000005486e000 	/System/Library/Frameworks/CoreServices.framework/Versions/A/Frameworks/OSServices.framework/Versions/A/OSServices
0x000000005486e000 	/System/Library/Frameworks/CoreServices.framework/Versions/A/Frameworks/SearchKit.framework/Versions/A/SearchKit
0x000000005486e000 	/System/Library/Frameworks/CoreServices.framework/Versions/A/Frameworks/AE.framework/Versions/A/AE
0x000000005486e000 	/System/Library/Frameworks/CoreServices.framework/Versions/A/Frameworks/LaunchServices.framework/Versions/A/LaunchServices
0x000000005486e000 	/System/Library/Frameworks/CoreServices.framework/Versions/A/Frameworks/DictionaryServices.framework/Versions/A/DictionaryServices
0x000000005486e000 	/System/Library/Frameworks/CoreServices.framework/Versions/A/Frameworks/SharedFileList.framework/Versions/A/SharedFileList
0x000000005486e000 	/System/Library/Frameworks/NetFS.framework/Versions/A/NetFS
0x000000005486e000 	/System/Library/PrivateFrameworks/NetAuth.framework/Versions/A/NetAuth
0x000000005486e000 	/System/Library/PrivateFrameworks/login.framework/Versions/A/Frameworks/loginsupport.framework/Versions/A/loginsupport
0x000000005486e000 	/System/Library/PrivateFrameworks/TCC.framework/Versions/A/TCC
0x000000005486e000 	/usr/lib/libmecabra.dylib
0x000000005486e000 	/System/Library/Frameworks/ApplicationServices.framework/Versions/A/Frameworks/ATS.framework/Versions/A/ATS
0x000000005486e000 	/System/Library/Frameworks/ApplicationServices.framework/Versions/A/Frameworks/ColorSync.framework/Versions/A/ColorSync
0x000000005486e000 	/System/Library/Frameworks/ApplicationServices.framework/Versions/A/Frameworks/HIServices.framework/Versions/A/HIServices
0x000000005486e000 	/System/Library/Frameworks/ApplicationServices.framework/Versions/A/Frameworks/LangAnalysis.framework/Versions/A/LangAnalysis
0x000000005486e000 	/System/Library/Frameworks/ApplicationServices.framework/Versions/A/Frameworks/PrintCore.framework/Versions/A/PrintCore
0x000000005486e000 	/System/Library/Frameworks/ApplicationServices.framework/Versions/A/Frameworks/QD.framework/Versions/A/QD
0x000000005486e000 	/System/Library/Frameworks/ApplicationServices.framework/Versions/A/Frameworks/SpeechSynthesis.framework/Versions/A/SpeechSynthesis
0x000000005486e000 	/System/Library/Frameworks/Accelerate.framework/Versions/A/Frameworks/vImage.framework/Versions/A/vImage
0x000000005486e000 	/System/Library/Frameworks/Accelerate.framework/Versions/A/Frameworks/vecLib.framework/Versions/A/vecLib
0x000000005486e000 	/System/Library/Frameworks/Accelerate.framework/Versions/A/Frameworks/vecLib.framework/Versions/A/libvDSP.dylib
0x000000005486e000 	/System/Library/Frameworks/Accelerate.framework/Versions/A/Frameworks/vecLib.framework/Versions/A/libBNNS.dylib
0x000000005486e000 	/System/Library/Frameworks/Accelerate.framework/Versions/A/Frameworks/vecLib.framework/Versions/A/libQuadrature.dylib
0x000000005486e000 	/System/Library/Frameworks/Accelerate.framework/Versions/A/Frameworks/vecLib.framework/Versions/A/libvMisc.dylib
0x000000005486e000 	/System/Library/Frameworks/Accelerate.framework/Versions/A/Frameworks/vecLib.framework/Versions/A/libLAPACK.dylib
0x000000005486e000 	/System/Library/Frameworks/Accelerate.framework/Versions/A/Frameworks/vecLib.framework/Versions/A/libBLAS.dylib
0x000000005486e000 	/System/Library/Frameworks/Accelerate.framework/Versions/A/Frameworks/vecLib.framework/Versions/A/libLinearAlgebra.dylib
0x000000005486e000 	/System/Library/Frameworks/Accelerate.framework/Versions/A/Frameworks/vecLib.framework/Versions/A/libSparseBLAS.dylib
0x000000005486e000 	/System/Library/Frameworks/ApplicationServices.framework/Versions/A/Frameworks/ATS.framework/Versions/A/Resources/libFontParser.dylib
0x000000005486e000 	/System/Library/Frameworks/ApplicationServices.framework/Versions/A/Frameworks/ATS.framework/Versions/A/Resources/libFontRegistry.dylib
0x000000005486e000 	/System/Library/Frameworks/ImageIO.framework/Versions/A/Resources/libJPEG.dylib
0x000000005486e000 	/System/Library/Frameworks/ImageIO.framework/Versions/A/Resources/libTIFF.dylib
0x000000005486e000 	/System/Library/Frameworks/ImageIO.framework/Versions/A/Resources/libPng.dylib
0x000000005486e000 	/System/Library/Frameworks/ImageIO.framework/Versions/A/Resources/libGIF.dylib
0x000000005486e000 	/System/Library/Frameworks/ImageIO.framework/Versions/A/Resources/libJP2.dylib
0x000000005486e000 	/System/Library/Frameworks/ImageIO.framework/Versions/A/Resources/libRadiance.dylib
0x000000005486e000 	/usr/lib/libcompression.dylib
0x000000005486e000 	/System/Library/PrivateFrameworks/AppleJPEG.framework/Versions/A/AppleJPEG
0x000000005486e000 	/usr/lib/libcups.2.dylib
0x000000005486e000 	/System/Library/Frameworks/Kerberos.framework/Versions/A/Kerberos
0x000000005486e000 	/System/Library/Frameworks/GSS.framework/Versions/A/GSS
0x000000005486e000 	/usr/lib/libresolv.9.dylib
0x000000005486e000 	/usr/lib/libiconv.2.dylib
0x000000005486e000 	/System/Library/PrivateFrameworks/Heimdal.framework/Versions/A/Heimdal
0x000000005486e000 	/usr/lib/libheimdal-asn1.dylib
0x000000005486e000 	/System/Library/Frameworks/OpenDirectory.framework/Versions/A/OpenDirectory
0x000000005486e000 	/System/Library/PrivateFrameworks/CommonAuth.framework/Versions/A/CommonAuth
0x000000005486e000 	/System/Library/Frameworks/OpenDirectory.framework/Versions/A/Frameworks/CFOpenDirectory.framework/Versions/A/CFOpenDirectory
0x000000005486e000 	/System/Library/Frameworks/SecurityFoundation.framework/Versions/A/SecurityFoundation
0x000000005486e000 	/System/Library/PrivateFrameworks/LanguageModeling.framework/Versions/A/LanguageModeling
0x000000005486e000 	/usr/lib/libmarisa.dylib
0x000000005486e000 	/usr/lib/libChineseTokenizer.dylib
0x000000005486e000 	/usr/lib/libcmph.dylib
0x000000005486e000 	/System/Library/PrivateFrameworks/CoreEmoji.framework/Versions/A/CoreEmoji
0x000000005486e000 	/System/Library/Frameworks/ServiceManagement.framework/Versions/A/ServiceManagement
0x000000005486e000 	/usr/lib/libxslt.1.dylib
0x000000005486e000 	/System/Library/Frameworks/Carbon.framework/Versions/A/Frameworks/Ink.framework/Versions/A/Ink
0x000000005486e000 	/System/Library/PrivateFrameworks/TextureIO.framework/Versions/A/TextureIO
0x000000005486e000 	/System/Library/Frameworks/Metal.framework/Versions/A/Metal
0x000000005486e000 	/usr/lib/libate.dylib
0x000000005486e000 	/System/Library/PrivateFrameworks/GPUCompiler.framework/libmetal_timestamp.dylib
0x000000005486e000 	/System/Library/Frameworks/OpenGL.framework/Versions/A/Libraries/libCoreFSCache.dylib
0x000000005486e000 	/System/Library/PrivateFrameworks/IOAccelerator.framework/Versions/A/IOAccelerator
0x000000005486e000 	/System/Library/Frameworks/CoreVideo.framework/Versions/A/CoreVideo
0x000000005486e000 	/usr/lib/libFosl_dynamic.dylib
0x000000005486e000 	/System/Library/PrivateFrameworks/MetalPerformanceShaders.framework/Versions/A/MetalPerformanceShaders
0x000000005486e000 	/System/Library/PrivateFrameworks/FaceCore.framework/Versions/A/FaceCore
0x000000005486e000 	/System/Library/Frameworks/OpenCL.framework/Versions/A/OpenCL
0x000000005486e000 	/System/Library/Frameworks/OpenGL.framework/Versions/A/Libraries/libGLU.dylib
0x000000005486e000 	/System/Library/Frameworks/OpenGL.framework/Versions/A/Libraries/libGFXShared.dylib
0x000000005486e000 	/System/Library/Frameworks/OpenGL.framework/Versions/A/Libraries/libGL.dylib
0x000000005486e000 	/System/Library/Frameworks/OpenGL.framework/Versions/A/Libraries/libGLImage.dylib
0x000000005486e000 	/System/Library/Frameworks/OpenGL.framework/Versions/A/Libraries/libCVMSPluginSupport.dylib
0x000000005486e000 	/System/Library/Frameworks/OpenGL.framework/Versions/A/Libraries/libCoreVMClient.dylib
0x000000005486e000 	/System/Library/PrivateFrameworks/CrashReporterSupport.framework/Versions/A/CrashReporterSupport
0x000000005486e000 	/System/Library/PrivateFrameworks/Sharing.framework/Versions/A/Sharing
0x000000005486e000 	/System/Library/PrivateFrameworks/IconServices.framework/Versions/A/IconServices
0x000000005486e000 	/System/Library/PrivateFrameworks/ProtocolBuffer.framework/Versions/A/ProtocolBuffer
0x000000005486e000 	/System/Library/PrivateFrameworks/Apple80211.framework/Versions/A/Apple80211
0x000000005486e000 	/System/Library/Frameworks/CoreWLAN.framework/Versions/A/CoreWLAN
0x000000005486e000 	/System/Library/PrivateFrameworks/CoreUtils.framework/Versions/A/CoreUtils
0x000000005486e000 	/System/Library/Frameworks/IOBluetooth.framework/Versions/A/IOBluetooth
0x000000005486e000 	/System/Library/PrivateFrameworks/CoreWiFi.framework/Versions/A/CoreWiFi
0x000000005486e000 	/System/Library/Frameworks/CoreBluetooth.framework/Versions/A/CoreBluetooth
0x000000005486e000 	/System/Library/Frameworks/CoreDisplay.framework/Versions/A/CoreDisplay
0x000000005486e000 	/System/Library/PrivateFrameworks/IOPresentment.framework/Versions/A/IOPresentment
0x000000005486e000 	/System/Library/PrivateFrameworks/DSExternalDisplay.framework/Versions/A/DSExternalDisplay
0x000000005486e000 	/System/Library/PrivateFrameworks/DebugSymbols.framework/Versions/A/DebugSymbols
0x000000005486e000 	/System/Library/PrivateFrameworks/CoreSymbolication.framework/Versions/A/CoreSymbolication
0x000000005486e000 	/System/Library/PrivateFrameworks/Symbolication.framework/Versions/A/Symbolication
0x000000005486e000 	/System/Library/PrivateFrameworks/AppleFSCompression.framework/Versions/A/AppleFSCompression
0x000000005486e000 	/System/Library/PrivateFrameworks/SpeechRecognitionCore.framework/Versions/A/SpeechRecognitionCore
0x000000005486e000 	/System/Library/PrivateFrameworks/ChunkingLibrary.framework/Versions/A/ChunkingLibrary
0x0000000106800000 	/Library/Java/JavaVirtualMachines/jdk1.8.0_152.jdk/Contents/Home/jre/lib/server/libjvm.dylib
0x000000005486e000 	/usr/lib/libstdc++.6.dylib
0x0000000105e44000 	/Library/Java/JavaVirtualMachines/jdk1.8.0_152.jdk/Contents/Home/jre/lib/libverify.dylib
0x0000000105e52000 	/Library/Java/JavaVirtualMachines/jdk1.8.0_152.jdk/Contents/Home/jre/lib/libjava.dylib
0x0000000105e92000 	/Library/Java/JavaVirtualMachines/jdk1.8.0_152.jdk/Contents/Home/jre/lib/libzip.dylib
0x000000010a0cf000 	/Library/Java/JavaVirtualMachines/jdk1.8.0_152.jdk/Contents/Home/jre/lib/libawt.dylib
0x000000010a179000 	/Library/Java/JavaVirtualMachines/jdk1.8.0_152.jdk/Contents/Home/jre/lib/./libmlib_image.dylib
0x000000010a245000 	/System/Library/Frameworks/JavaVM.framework/Versions/A/Frameworks/JavaNativeFoundation.framework/Versions/A/JavaNativeFoundation
0x000000010a25a000 	/System/Library/Frameworks/JavaVM.framework/Versions/A/Frameworks/JavaRuntimeSupport.framework/Versions/A/JavaRuntimeSupport
0x000000010a274000 	/System/Library/Frameworks/JavaVM.framework/Versions/A/JavaVM
0x000000010a281000 	/System/Library/PrivateFrameworks/JavaLaunching.framework/Versions/A/JavaLaunching
0x000000005486e000 	/System/Library/Frameworks/Carbon.framework/Versions/A/Carbon
0x000000005486e000 	/System/Library/Frameworks/Carbon.framework/Versions/A/Frameworks/CommonPanels.framework/Versions/A/CommonPanels
0x000000005486e000 	/System/Library/Frameworks/Carbon.framework/Versions/A/Frameworks/Help.framework/Versions/A/Help
0x000000005486e000 	/System/Library/Frameworks/Carbon.framework/Versions/A/Frameworks/ImageCapture.framework/Versions/A/ImageCapture
0x000000005486e000 	/System/Library/Frameworks/Carbon.framework/Versions/A/Frameworks/OpenScripting.framework/Versions/A/OpenScripting
0x000000005486e000 	/System/Library/Frameworks/Carbon.framework/Versions/A/Frameworks/Print.framework/Versions/A/Print
0x000000005486e000 	/System/Library/Frameworks/Carbon.framework/Versions/A/Frameworks/SecurityHI.framework/Versions/A/SecurityHI
0x000000010a28d000 	/Library/Java/JavaVirtualMachines/jdk1.8.0_152.jdk/Contents/Home/jre/lib/libawt_lwawt.dylib
0x000000010a347000 	/Library/Java/JavaVirtualMachines/jdk1.8.0_152.jdk/Contents/Home/jre/lib/./libosxapp.dylib
0x000000005486e000 	/System/Library/Frameworks/ExceptionHandling.framework/Versions/A/ExceptionHandling
0x000000005486e000 	/System/Library/PrivateFrameworks/CoreServicesInternal.framework/Versions/A/CoreServicesInternal
0x000000005486e000 	/System/Library/CoreServices/RawCamera.bundle/Contents/MacOS/RawCamera
0x000000005486e000 	/System/Library/Frameworks/Accelerate.framework/Versions/A/Frameworks/vImage.framework/Versions/A/Libraries/libCGInterfaces.dylib
0x000000005486e000 	/System/Library/Frameworks/ApplicationServices.framework/Versions/A/Frameworks/ATS.framework/Versions/A/Resources/libTrueTypeScaler.dylib
0x0000000120f02000 	/System/Library/Frameworks/OpenGL.framework/Resources/GLEngine.bundle/GLEngine
0x000000005486e000 	/System/Library/Frameworks/OpenGL.framework/Versions/A/Libraries/libGLProgrammability.dylib
0x00000001210e7000 	/System/Library/Extensions/AppleIntelBDWGraphicsGLDriver.bundle/Contents/MacOS/AppleIntelBDWGraphicsGLDriver
0x000000005486e000 	/System/Library/PrivateFrameworks/GPUSupport.framework/Versions/A/Libraries/libGPUSupportMercury.dylib
0x0000000121853000 	/System/Library/Frameworks/OpenGL.framework/Resources//GLRendererFloat.bundle/GLRendererFloat
0x000000005486e000 	/System/Library/Frameworks/OpenCL.framework/Versions/A/Libraries/libcldcpuengine.dylib
0x000000005486e000 	/usr/lib/libcrypto.0.9.8.dylib
0x000000005486e000 	/System/Library/PrivateFrameworks/TrustEvaluationAgent.framework/Versions/A/TrustEvaluationAgent
0x0000000121887000 	/System/Library/Extensions/AppleIntelBDWGraphicsMTLDriver.bundle/Contents/MacOS/AppleIntelBDWGraphicsMTLDriver
0x000000005486e000 	/System/Library/PrivateFrameworks/FamilyControls.framework/Versions/A/FamilyControls
0x000000005486e000 	/System/Library/PrivateFrameworks/CommerceKit.framework/Versions/A/Frameworks/CommerceCore.framework/Versions/A/CommerceCore
0x000000005486e000 	/System/Library/PrivateFrameworks/SystemAdministration.framework/Versions/A/SystemAdministration
0x000000005486e000 	/System/Library/PrivateFrameworks/AppContainer.framework/Versions/A/AppContainer
0x000000005486e000 	/System/Library/PrivateFrameworks/SecCodeWrapper.framework/Versions/A/SecCodeWrapper
0x000000005486e000 	/System/Library/Frameworks/DirectoryService.framework/Versions/A/DirectoryService
0x000000005486e000 	/System/Library/PrivateFrameworks/DiskImages.framework/Versions/A/DiskImages
0x000000005486e000 	/System/Library/PrivateFrameworks/LoginUIKit.framework/Versions/A/Frameworks/LoginUICore.framework/Versions/A/LoginUICore
0x000000005486e000 	/usr/lib/libCoreStorage.dylib
0x000000005486e000 	/usr/lib/libcsfde.dylib
0x000000005486e000 	/usr/lib/libodfde.dylib
0x000000005486e000 	/System/Library/Frameworks/DiscRecording.framework/Versions/A/DiscRecording
0x000000005486e000 	/usr/lib/libcurl.4.dylib
0x000000005486e000 	/System/Library/PrivateFrameworks/MediaKit.framework/Versions/A/MediaKit
0x000000005486e000 	/System/Library/PrivateFrameworks/ProtectedCloudStorage.framework/Versions/A/ProtectedCloudStorage
0x000000005486e000 	/System/Library/PrivateFrameworks/EFILogin.framework/Versions/A/EFILogin
0x000000005486e000 	/usr/lib/libutil.dylib
0x000000005486e000 	/System/Library/Frameworks/LDAP.framework/Versions/A/LDAP
0x000000005486e000 	/usr/lib/libsasl2.2.dylib
0x000000005486e000 	/System/Library/PrivateFrameworks/CoreDaemon.framework/Versions/B/CoreDaemon
0x000000005486e000 	/System/Library/PrivateFrameworks/AppleSRP.framework/Versions/A/AppleSRP
0x000000005486e000 	/System/Library/PrivateFrameworks/APFS.framework/Versions/A/APFS
0x0000000123031000 	/Library/Java/JavaVirtualMachines/jdk1.8.0_152.jdk/Contents/Home/jre/lib/libfontmanager.dylib
0x0000000123098000 	/Users/Chayce/git/JIG/lib/lwjgl-2.9.0/native/macosx/liblwjgl.jnilib
0x000000010b0cd000 	/Library/Java/JavaVirtualMachines/jdk1.8.0_152.jdk/Contents/Home/jre/lib/libjawt.dylib
0x000000005486e000 	/System/Library/PrivateFrameworks/ViewBridge.framework/Versions/A/ViewBridge
0x000000005486e000 	/System/Library/PrivateFrameworks/XPCService.framework/Versions/A/XPCService
0x000000005486e000 	/System/Library/PrivateFrameworks/AppSandbox.framework/Versions/A/AppSandbox
0x000000005486e000 	/usr/lib/libsandbox.1.dylib
0x000000005486e000 	/usr/lib/libMatch.1.dylib
0x0000000124d9d000 	/Users/Chayce/git/JIG/lib/lwjgl-2.9.0/native/macosx/libjinput-osx.jnilib
0x0000000124da2000 	/System/Library/Extensions/IOHIDFamily.kext/Contents/PlugIns/IOHIDLib.plugin/Contents/MacOS/IOHIDLib
0x0000000123ca1000 	/Library/Java/JavaVirtualMachines/jdk1.8.0_152.jdk/Contents/Home/jre/lib/libnet.dylib
0x0000000123c00000 	/Library/Java/JavaVirtualMachines/jdk1.8.0_152.jdk/Contents/Home/jre/lib/libnio.dylib
0x0000000151717000 	/Library/Java/JavaVirtualMachines/jdk1.8.0_152.jdk/Contents/Home/jre/lib/libdcpr.dylib

VM Arguments:
jvm_args: -Djava.library.path=/Users/Chayce/git/JIG/lib/lwjgl-2.9.0/native/macosx:/Users/Chayce/git/JIG/lib/lwjgl-2.9.0/native/macosx -Dfile.encoding=UTF-8 
java_command: gauntlet.Gauntlet
java_class_path (initial): /Library/Java/JavaVirtualMachines/jdk1.8.0_152.jdk/Contents/Home/jre/lib/resources.jar:/Library/Java/JavaVirtualMachines/jdk1.8.0_152.jdk/Contents/Home/jre/lib/rt.jar:/Library/Java/JavaVirtualMachines/jdk1.8.0_152.jdk/Contents/Home/jre/lib/jsse.jar:/Library/Java/JavaVirtualMachines/jdk1.8.0_152.jdk/Contents/Home/jre/lib/jce.jar:/Library/Java/JavaVirtualMachines/jdk1.8.0_152.jdk/Contents/Home/jre/lib/charsets.jar:/Library/Java/JavaVirtualMachines/jdk1.8.0_152.jdk/Contents/Home/jre/lib/jfr.jar:/Library/Java/JavaVirtualMachines/jdk1.8.0_152.jdk/Contents/Home/jre/lib/ext/cldrdata.jar:/Library/Java/JavaVirtualMachines/jdk1.8.0_152.jdk/Contents/Home/jre/lib/ext/dnsns.jar:/Library/Java/JavaVirtualMachines/jdk1.8.0_152.jdk/Contents/Home/jre/lib/ext/jaccess.jar:/Library/Java/JavaVirtualMachines/jdk1.8.0_152.jdk/Contents/Home/jre/lib/ext/jfxrt.jar:/Library/Java/JavaVirtualMachines/jdk1.8.0_152.jdk/Contents/Home/jre/lib/ext/localedata.jar:/Library/Java/JavaVirtualMachines/jdk1.8.0_152.jdk/Contents/Home/jre/lib/ext/nashorn.jar:/Library/Java/JavaVirtualMachines/jdk1.8.0_152.jdk/Contents/Home/jre/lib/ext/sunec.jar:/Library/Java/JavaVirtualMachines/jdk1.8.0_152.jdk/Contents/Home/jre/lib/ext/sunjce_provider.jar:/Library/Java/JavaVirtualMachines/jdk1.8.0_152.jdk/Contents/Home/jre/lib/ext/sunpkcs11.jar:/Library/Java/JavaVirtualMachines/jdk1.8.0_152.jdk/Contents/Home/jre/lib/ext/zipfs.jar:/System/Library/Java/Extensions/MRJToolkit.jar:/Users/Chayce/git/Gauntlet/bin:/Users/Chayce/git/JIG/lib/slick.jar:/Users/Chayce/git/JIG/jig/bin:/Users/Chayce/git/JIG/lib/lwjgl-2.9.0/jar/jinput.jar:/Users/Chayce/git/JIG/lib/lwjgl-2.9.0/jar/lwjgl.jar:/Users/Chayce/git/JIG/lib/jogg-0.0.7.jar:/Users/Chayce/git/JIG/lib/jorbis-0.0.15.jar
Launcher Type: SUN_STANDARD

Environment Variables:
PATH=/usr/bin:/bin:/usr/sbin:/sbin
SHELL=/bin/zsh
DISPLAY=/private/tmp/com.apple.launchd.ANiaBHpxnE/org.macosforge.xquartz:0

Signal Handlers:
SIGSEGV: [libjvm.dylib+0x5b494d], sa_mask[0]=11111111011111110111111111111111, sa_flags=SA_ONSTACK|SA_RESTART|SA_SIGINFO
SIGBUS: [libjvm.dylib+0x5b494d], sa_mask[0]=11111111011111110111111111111111, sa_flags=SA_RESTART|SA_SIGINFO
SIGFPE: [libjvm.dylib+0x48ab54], sa_mask[0]=11111111011111110111111111111111, sa_flags=SA_RESTART|SA_SIGINFO
SIGPIPE: [libjvm.dylib+0x48ab54], sa_mask[0]=11111111011111110111111111111111, sa_flags=SA_RESTART|SA_SIGINFO
SIGXFSZ: [libjvm.dylib+0x48ab54], sa_mask[0]=11111111011111110111111111111111, sa_flags=SA_RESTART|SA_SIGINFO
SIGILL: [libjvm.dylib+0x48ab54], sa_mask[0]=11111111011111110111111111111111, sa_flags=SA_RESTART|SA_SIGINFO
SIGUSR1: SIG_DFL, sa_mask[0]=00000000000000000000000000000000, sa_flags=none
SIGUSR2: [libjvm.dylib+0x48a672], sa_mask[0]=00100000000000000000000000000000, sa_flags=SA_RESTART|SA_SIGINFO
SIGHUP: [libjvm.dylib+0x488c49], sa_mask[0]=11111111011111110111111111111111, sa_flags=SA_RESTART|SA_SIGINFO
SIGINT: [libjvm.dylib+0x488c49], sa_mask[0]=11111111011111110111111111111111, sa_flags=SA_RESTART|SA_SIGINFO
SIGTERM: [libjvm.dylib+0x488c49], sa_mask[0]=11111111011111110111111111111111, sa_flags=SA_RESTART|SA_SIGINFO
SIGQUIT: [libjvm.dylib+0x488c49], sa_mask[0]=11111111011111110111111111111111, sa_flags=SA_RESTART|SA_SIGINFO


---------------  S Y S T E M  ---------------

OS:Bsduname:Darwin 16.7.0 Darwin Kernel Version 16.7.0: Thu Jun 21 20:07:39 PDT 2018; root:xnu-3789.73.14~1/RELEASE_X86_64 x86_64
rlimit: STACK 8192k, CORE 0k, NPROC 709, NOFILE 10240, AS infinity
load average:1.67 1.65 1.74

CPU:total 4 (initial active 4) (2 cores per cpu, 2 threads per core) family 6 model 61 stepping 4, cmov, cx8, fxsr, mmx, sse, sse2, sse3, ssse3, sse4.1, sse4.2, popcnt, avx, avx2, aes, clmul, erms, 3dnowpref, lzcnt, ht, tsc, tscinvbit, bmi1, bmi2, adx

Memory: 4k page, physical 8388608k(38876k free)

/proc/meminfo:


vm_info: Java HotSpot(TM) 64-Bit Server VM (25.152-b16) for bsd-amd64 JRE (1.8.0_152-b16), built on Sep 14 2017 02:31:13 by "java_re" with gcc 4.2.1 (Based on Apple Inc. build 5658) (LLVM build 2336.11.00)

time: Mon Nov 12 17:25:22 2018
elapsed time: 962 seconds (0d 0h 16m 2s)

