#
# A fatal error has been detected by the Java Runtime Environment:
#
#  SIGSEGV (0xb) at pc=0x00007fffdeb20d08, pid=3904, tid=0x0000000000000307
#
# JRE version: Java(TM) SE Runtime Environment (8.0_152-b16) (build 1.8.0_152-b16)
# Java VM: Java HotSpot(TM) 64-Bit Server VM (25.152-b16 mixed mode bsd-amd64 compressed oops)
# Problematic frame:
# C  [libobjc.A.dylib+0xbd08]  objc_storeWeak+0x16e
#
# Failed to write core dump. Core dumps have been disabled. To enable core dumping, try "ulimit -c unlimited" before starting Java again
#
# If you would like to submit a bug report, please visit:
#   http://bugreport.java.com/bugreport/crash.jsp
# The crash happened outside the Java Virtual Machine in native code.
# See problematic frame for where to report the bug.
#

---------------  T H R E A D  ---------------

Current thread (0x00007f930b967800):  JavaThread "AppKit Thread" daemon [_thread_in_native, id=775, stack(0x00007fff56836000,0x00007fff57036000)]

siginfo: si_signo: 11 (SIGSEGV), si_code: 1 (SEGV_MAPERR), si_addr: 0x0000000000000000

Registers:
RAX=0x00007f930a00ce00, RBX=0x00007fffe8273480, RCX=0x0000000000000000, RDX=0x00007ffffffffff8
RSP=0x00007fff57030050, RBP=0x00007fff570300d0, RSI=0x00007f930a00d000, RDI=0x00007fffe8273480
R8 =0x00000000000000ff, R9 =0x00007f9309d7c270, R10=0x000000000000003d, R11=0x00007f930abbefd0
R12=0x00007fffe8273bc0, R13=0x0000000000000000, R14=0x00007f9309c64fa0, R15=0x0000000000000000
RIP=0x00007fffdeb20d08, EFLAGS=0x0000000000010206, ERR=0x0000000000000004
  TRAPNO=0x000000000000000e

Top of Stack: (sp=0x00007fff57030050)
0x00007fff57030050:   0000000000000000 00007f9309ecfdd8
0x00007fff57030060:   ffff806cf6283d90 0000000000000740
0x00007fff57030070:   00007fffe81bd630 0000000000000000
0x00007fff57030080:   00007fffe8273bc0 00007f9309c64fa0
0x00007fff57030090:   0000000000000000 00007f9309ed0438
0x00007fff570300a0:   000000000000000f 00007f9309d7c270
0x00007fff570300b0:   0000000000000000 00007f9309d7c270
0x00007fff570300c0:   00007f9309ed02a0 00007f9309c64fa0
0x00007fff570300d0:   00007fff57030110 00007fffcb676acf
0x00007fff570300e0:   00007fff57030110 0000000000000000
0x00007fff570300f0:   00007f9309c64fa0 00007fffc83a9006
0x00007fff57030100:   00007f9309d7c270 00007fffdeb1c040
0x00007fff57030110:   00007fff57030140 00007fffc7a416fb
0x00007fff57030120:   00007fffdeb1c040 00007fff570301c8
0x00007fff57030130:   00007fffc83ec759 00007fffdeb1c040
0x00007fff57030140:   00007fff57030180 00007fffc7e0ec73
0x00007fff57030150:   0000000000000000 0000000000000000
0x00007fff57030160:   00007f9309d7c270 00007fffc83cf17f
0x00007fff57030170:   00007fff570301c8 0000000000000001
0x00007fff57030180:   00007fff570301b0 00007fffc7898d48
0x00007fff57030190:   0000000000000000 00007f9309c64fa0
0x00007fff570301a0:   00007f9309d7c270 0000000000000000
0x00007fff570301b0:   00007fff57030210 00007fffc7a41538
0x00007fff570301c0:   0000000000000000 00007fffe8306060
0x00007fff570301d0:   00000000c2000000 00007fffc7e0eb84
0x00007fff570301e0:   00007fffe43d8cf0 0000000000000000
0x00007fff570301f0:   00007f9309c64fa0 00007f9309d7c270
0x00007fff57030200:   00007f9309c64fa0 00007f9309d54620
0x00007fff57030210:   00007fff57030240 0000000125ec166e
0x00007fff57030220:   00007f9309d7c270 0000000125ef3b98
0x00007fff57030230:   00007f9309d54620 0000000000000094
0x00007fff57030240:   00007fff570307b0 00007fffc78bbe7b 

Instructions: (pc=0x00007fffdeb20d08)
0x00007fffdeb20ce8:   eb 07 48 8b 45 a0 48 8b 30 48 8b 45 c0 48 39 c6
0x00007fffdeb20cf8:   74 2a 48 8b 46 20 48 89 c1 48 21 d1 48 8b 49 08
0x00007fffdeb20d08:   f6 01 01 75 0a 48 8b 06 48 21 d0 48 8b 40 20 48
0x00007fffdeb20d18:   21 d0 f6 40 03 20 0f 84 f8 fe ff ff 49 c1 e5 06 

Register to memory mapping:

RAX=0x00007f930a00ce00 is an unknown value
RBX=0x00007fffe8273480: _ZN12_GLOBAL__N_1L12SideTableBufE+0 in /usr/lib/libobjc.A.dylib at 0x00007fffdeb15000
RCX=0x0000000000000000 is an unknown value
RDX=0x00007ffffffffff8 is an unknown value
RSP=0x00007fff57030050 is pointing into the stack for thread: 0x00007f930b967800
RBP=0x00007fff570300d0 is pointing into the stack for thread: 0x00007f930b967800
RSI=0x00007f930a00d000 is a thread
RDI=0x00007fffe8273480: _ZN12_GLOBAL__N_1L12SideTableBufE+0 in /usr/lib/libobjc.A.dylib at 0x00007fffdeb15000
R8 =0x00000000000000ff is an unknown value
R9 =0x00007f9309d7c270 is an unknown value
R10=0x000000000000003d is an unknown value
R11=0x00007f930abbefd0 is an unknown value
R12=0x00007fffe8273bc0: _ZN12_GLOBAL__N_1L12SideTableBufE+0x740 in /usr/lib/libobjc.A.dylib at 0x00007fffdeb15000
R13=0x0000000000000000 is an unknown value
R14=0x00007f9309c64fa0 is an unknown value
R15=0x0000000000000000 is an unknown value


Stack: [0x00007fff56836000,0x00007fff57036000],  sp=0x00007fff57030050,  free space=8168k
Native frames: (J=compiled Java code, j=interpreted, Vv=VM code, C=native code)
C  [libobjc.A.dylib+0xbd08]  objc_storeWeak+0x16e
C  [Foundation+0x17acf]  -[NSConcreteMapTable setObject:forKey:]+0x6a
C  [AppKit+0x3226fb]  -[NSView(NSOpenGLContextAssociation) _setOpenGLContext:]+0x9b
C  [AppKit+0x6efc73]  __27-[NSOpenGLContext setView:]_block_invoke+0xef
C  [AppKit+0x179d48]  NSPerformVisuallyAtomicChange+0x93
C  [AppKit+0x322538]  -[NSOpenGLContext setView:]+0x69
C  [liblwjgl.jnilib+0x966e]  -[MacOSXOpenGLView lockFocus]+0x6e
C  [AppKit+0x19ce7b]  -[NSView _recursiveDisplayRectIfNeededIgnoringOpacity:isVisibleRect:rectIsVisibleRectForView:topView:]+0x6ee
C  [AppKit+0x19d6d1]  -[NSView _recursiveDisplayRectIfNeededIgnoringOpacity:isVisibleRect:rectIsVisibleRectForView:topView:]+0xf44
C  [AppKit+0x19c2af]  -[NSThemeFrame _recursiveDisplayRectIfNeededIgnoringOpacity:isVisibleRect:rectIsVisibleRectForView:topView:]+0x14e
C  [AppKit+0x19a6d8]  -[NSView _displayRectIgnoringOpacity:isVisibleRect:rectIsVisibleRectForView:]+0x994
C  [AppKit+0x195fca]  -[NSView displayIfNeeded]+0x6d4
C  [AppKit+0x1958db]  -[NSWindow displayIfNeeded]+0xe6
C  [AppKit+0x8f5cb4]  ___NSWindowGetDisplayCycleObserver_block_invoke.6228+0x115
C  [AppKit+0x1953b9]  __37+[NSDisplayCycle currentDisplayCycle]_block_invoke+0x1c6
C  [QuartzCore+0x11cc6]  _ZN2CA11Transaction19run_commit_handlersE18CATransactionPhase+0x2e
C  [QuartzCore+0x11b8ac]  _ZN2CA7Context18commit_transactionEPNS_11TransactionE+0xa0
C  [QuartzCore+0x107a1]  _ZN2CA11Transaction6commitEv+0x1db
C  [AppKit+0x4788b1]  __37+[NSDisplayCycle currentDisplayCycle]_block_invoke.31+0x143
C  [CoreFoundation+0xa6d37]  __CFRUNLOOP_IS_CALLING_OUT_TO_AN_OBSERVER_CALLBACK_FUNCTION__+0x17
C  [CoreFoundation+0xa6ca7]  __CFRunLoopDoObservers+0x187
C  [CoreFoundation+0x876d9]  __CFRunLoopRun+0x369
C  [CoreFoundation+0x87114]  CFRunLoopRunSpecific+0x1a4
C  [HIToolbox+0x30ebc]  RunCurrentEventLoopInMode+0xf0
C  [HIToolbox+0x30bf9]  ReceiveNextEventCommon+0xb8
C  [HIToolbox+0x30b26]  _BlockUntilNextEventMatchingListInModeWithFilter+0x47
C  [AppKit+0x46a54]  _DPSNextEvent+0x460
C  [AppKit+0x7c27ee]  -[NSApplication(NSEvent) _nextEventMatchingEventMask:untilDate:inMode:dequeue:]+0xaec
C  [libosxapp.dylib+0x23aa]  -[NSApplicationAWT nextEventMatchingMask:untilDate:inMode:dequeue:]+0x7c
C  [AppKit+0x3b3db]  -[NSApplication run]+0x39e
C  [libosxapp.dylib+0x214d]  +[NSApplicationAWT runAWTLoopWithApp:]+0x9c
C  [libawt_lwawt.dylib+0x47397]  -[AWTStarter starter:]+0x389
C  [Foundation+0x7152a]  __NSThreadPerformPerform+0x146
C  [CoreFoundation+0xa7321]  __CFRUNLOOP_IS_CALLING_OUT_TO_A_SOURCE0_PERFORM_FUNCTION__+0x11
C  [CoreFoundation+0x8821d]  __CFRunLoopDoSources0+0x22d
C  [CoreFoundation+0x87716]  __CFRunLoopRun+0x3a6
C  [CoreFoundation+0x87114]  CFRunLoopRunSpecific+0x1a4
C  [java+0x647a]  CreateExecutionEnvironment+0x367
C  [java+0x212c]  JLI_Launch+0x7a0
C  [java+0x84d7]  main+0x65
C  [java+0x1984]  start+0x34
C  0x0000000000000006


---------------  P R O C E S S  ---------------

Java Threads: ( => current thread )
  0x00007f931085a000 JavaThread "AWT-Shutdown" [_thread_blocked, id=68879, stack(0x0000700005f4f000,0x000070000604f000)]
  0x00007f930ad8d000 JavaThread "Thread-1" [_thread_in_native, id=30511, stack(0x0000700006f02000,0x0000700007002000)]
  0x00007f930a1a9800 JavaThread "Java2D Disposer" daemon [_thread_blocked, id=65291, stack(0x000070000720e000,0x000070000730e000)]
  0x00007f930ab62000 JavaThread "Java2D Queue Flusher" daemon [_thread_blocked, id=60959, stack(0x000070000710b000,0x000070000720b000)]
=>0x00007f930b967800 JavaThread "AppKit Thread" daemon [_thread_in_native, id=775, stack(0x00007fff56836000,0x00007fff57036000)]
  0x00007f930a802000 JavaThread "Service Thread" daemon [_thread_blocked, id=18435, stack(0x0000700006c79000,0x0000700006d79000)]
  0x00007f930a80b000 JavaThread "C1 CompilerThread2" daemon [_thread_blocked, id=17923, stack(0x0000700006b76000,0x0000700006c76000)]
  0x00007f930a80a000 JavaThread "C2 CompilerThread1" daemon [_thread_blocked, id=17411, stack(0x0000700006a73000,0x0000700006b73000)]
  0x00007f930b83a800 JavaThread "C2 CompilerThread0" daemon [_thread_blocked, id=16899, stack(0x0000700006970000,0x0000700006a70000)]
  0x00007f930b83a000 JavaThread "Signal Dispatcher" daemon [_thread_blocked, id=16387, stack(0x000070000686d000,0x000070000696d000)]
  0x00007f930a03b800 JavaThread "Finalizer" daemon [_thread_blocked, id=12547, stack(0x000070000676a000,0x000070000686a000)]
  0x00007f930a03a800 JavaThread "Reference Handler" daemon [_thread_blocked, id=12035, stack(0x0000700006667000,0x0000700006767000)]
  0x00007f930a00d000 JavaThread "main" [_thread_in_native, id=7171, stack(0x0000700006055000,0x0000700006155000)]

Other Threads:
  0x00007f930a036000 VMThread [stack: 0x0000700006564000,0x0000700006664000] [id=11523]
  0x00007f930a840800 WatcherThread [stack: 0x0000700006d7c000,0x0000700006e7c000] [id=18947]

VM state:not at safepoint (normal execution)

VM Mutex/Monitor currently owned by a thread: None

Heap:
 PSYoungGen      total 38400K, used 21412K [0x0000000795580000, 0x0000000798000000, 0x00000007c0000000)
  eden space 33280K, 48% used [0x0000000795580000,0x000000079656c980,0x0000000797600000)
  from space 5120K, 99% used [0x0000000797600000,0x0000000797afc900,0x0000000797b00000)
  to   space 5120K, 0% used [0x0000000797b00000,0x0000000797b00000,0x0000000798000000)
 ParOldGen       total 87552K, used 1880K [0x0000000740000000, 0x0000000745580000, 0x0000000795580000)
  object space 87552K, 2% used [0x0000000740000000,0x00000007401d6088,0x0000000745580000)
 Metaspace       used 10914K, capacity 11100K, committed 11520K, reserved 1058816K
  class space    used 1094K, capacity 1157K, committed 1280K, reserved 1048576K

Card table byte_map: [0x000000010a96c000,0x000000010ad6d000] byte_map_base: 0x0000000106f6c000

Marking Bits: (ParMarkBitMap*) 0x0000000109ef66c0
 Begin Bits: [0x000000010b018000, 0x000000010d018000)
 End Bits:   [0x000000010d018000, 0x000000010f018000)

Polling page: 0x0000000108c8b000

CodeCache: size=245760Kb used=6586Kb max_used=6598Kb free=239173Kb
 bounds [0x00000001155e8000, 0x0000000115c68000, 0x00000001245e8000]
 total_blobs=2303 nmethods=1767 adapters=450
 compilation: enabled

Compilation events (10 events):
Event: 52.295 Thread 0x00007f930b83a800 1763       4       java.util.HashMap::keySet (25 bytes)
Event: 52.298 Thread 0x00007f930b83a800 nmethod 1763 0x0000000115c25f10 code [0x0000000115c26060, 0x0000000115c26158]
Event: 53.030 Thread 0x00007f930a80b000 1764       3       java.io.ObjectOutputStream$HandleTable::<init> (45 bytes)
Event: 53.031 Thread 0x00007f930a80b000 nmethod 1764 0x0000000115be32d0 code [0x0000000115be34a0, 0x0000000115be3bd8]
Event: 54.731 Thread 0x00007f930a80a000 1765       4       java.util.Arrays::fill (21 bytes)
Event: 54.732 Thread 0x00007f930a80a000 nmethod 1765 0x0000000115bff250 code [0x0000000115bff3a0, 0x0000000115bff438]
Event: 54.914 Thread 0x00007f930b83a800 1766       4       java.util.Arrays::rangeCheck (74 bytes)
Event: 54.915 Thread 0x00007f930b83a800 nmethod 1766 0x0000000115c25c50 code [0x0000000115c25da0, 0x0000000115c25e38]
Event: 55.148 Thread 0x00007f930a80a000 1767       4       java.io.ObjectOutputStream$HandleTable::<init> (45 bytes)
Event: 55.154 Thread 0x00007f930a80a000 nmethod 1767 0x0000000115be15d0 code [0x0000000115be1740, 0x0000000115be1b78]

GC Heap History (6 events):
Event: 10.695 GC heap before
{Heap before GC invocations=1 (full 0):
 PSYoungGen      total 38400K, used 33280K [0x0000000795580000, 0x0000000798000000, 0x00000007c0000000)
  eden space 33280K, 100% used [0x0000000795580000,0x0000000797600000,0x0000000797600000)
  from space 5120K, 0% used [0x0000000797b00000,0x0000000797b00000,0x0000000798000000)
  to   space 5120K, 0% used [0x0000000797600000,0x0000000797600000,0x0000000797b00000)
 ParOldGen       total 87552K, used 0K [0x0000000740000000, 0x0000000745580000, 0x0000000795580000)
  object space 87552K, 0% used [0x0000000740000000,0x0000000740000000,0x0000000745580000)
 Metaspace       used 10786K, capacity 10908K, committed 11264K, reserved 1058816K
  class space    used 1093K, capacity 1157K, committed 1280K, reserved 1048576K
Event: 10.708 GC heap after
Heap after GC invocations=1 (full 0):
 PSYoungGen      total 38400K, used 5090K [0x0000000795580000, 0x0000000798000000, 0x00000007c0000000)
  eden space 33280K, 0% used [0x0000000795580000,0x0000000795580000,0x0000000797600000)
  from space 5120K, 99% used [0x0000000797600000,0x0000000797af8910,0x0000000797b00000)
  to   space 5120K, 0% used [0x0000000797b00000,0x0000000797b00000,0x0000000798000000)
 ParOldGen       total 87552K, used 1864K [0x0000000740000000, 0x0000000745580000, 0x0000000795580000)
  object space 87552K, 2% used [0x0000000740000000,0x00000007401d2088,0x0000000745580000)
 Metaspace       used 10786K, capacity 10908K, committed 11264K, reserved 1058816K
  class space    used 1093K, capacity 1157K, committed 1280K, reserved 1048576K
}
Event: 14.913 GC heap before
{Heap before GC invocations=2 (full 0):
 PSYoungGen      total 38400K, used 38370K [0x0000000795580000, 0x0000000798000000, 0x00000007c0000000)
  eden space 33280K, 100% used [0x0000000795580000,0x0000000797600000,0x0000000797600000)
  from space 5120K, 99% used [0x0000000797600000,0x0000000797af8910,0x0000000797b00000)
  to   space 5120K, 0% used [0x0000000797b00000,0x0000000797b00000,0x0000000798000000)
 ParOldGen       total 87552K, used 1864K [0x0000000740000000, 0x0000000745580000, 0x0000000795580000)
  object space 87552K, 2% used [0x0000000740000000,0x00000007401d2088,0x0000000745580000)
 Metaspace       used 10887K, capacity 11100K, committed 11520K, reserved 1058816K
  class space    used 1093K, capacity 1157K, committed 1280K, reserved 1048576K
Event: 14.920 GC heap after
Heap after GC invocations=2 (full 0):
 PSYoungGen      total 38400K, used 5090K [0x0000000795580000, 0x0000000798000000, 0x00000007c0000000)
  eden space 33280K, 0% used [0x0000000795580000,0x0000000795580000,0x0000000797600000)
  from space 5120K, 99% used [0x0000000797b00000,0x0000000797ff8910,0x0000000798000000)
  to   space 5120K, 0% used [0x0000000797600000,0x0000000797600000,0x0000000797b00000)
 ParOldGen       total 87552K, used 1872K [0x0000000740000000, 0x0000000745580000, 0x0000000795580000)
  object space 87552K, 2% used [0x0000000740000000,0x00000007401d4088,0x0000000745580000)
 Metaspace       used 10887K, capacity 11100K, committed 11520K, reserved 1058816K
  class space    used 1093K, capacity 1157K, committed 1280K, reserved 1048576K
}
Event: 41.175 GC heap before
{Heap before GC invocations=3 (full 0):
 PSYoungGen      total 38400K, used 38370K [0x0000000795580000, 0x0000000798000000, 0x00000007c0000000)
  eden space 33280K, 100% used [0x0000000795580000,0x0000000797600000,0x0000000797600000)
  from space 5120K, 99% used [0x0000000797b00000,0x0000000797ff8910,0x0000000798000000)
  to   space 5120K, 0% used [0x0000000797600000,0x0000000797600000,0x0000000797b00000)
 ParOldGen       total 87552K, used 1872K [0x0000000740000000, 0x0000000745580000, 0x0000000795580000)
  object space 87552K, 2% used [0x0000000740000000,0x00000007401d4088,0x0000000745580000)
 Metaspace       used 10908K, capacity 11100K, committed 11520K, reserved 1058816K
  class space    used 1093K, capacity 1157K, committed 1280K, reserved 1048576K
Event: 41.180 GC heap after
Heap after GC invocations=3 (full 0):
 PSYoungGen      total 38400K, used 5106K [0x0000000795580000, 0x0000000798000000, 0x00000007c0000000)
  eden space 33280K, 0% used [0x0000000795580000,0x0000000795580000,0x0000000797600000)
  from space 5120K, 99% used [0x0000000797600000,0x0000000797afc900,0x0000000797b00000)
  to   space 5120K, 0% used [0x0000000797b00000,0x0000000797b00000,0x0000000798000000)
 ParOldGen       total 87552K, used 1880K [0x0000000740000000, 0x0000000745580000, 0x0000000795580000)
  object space 87552K, 2% used [0x0000000740000000,0x00000007401d6088,0x0000000745580000)
 Metaspace       used 10908K, capacity 11100K, committed 11520K, reserved 1058816K
  class space    used 1093K, capacity 1157K, committed 1280K, reserved 1048576K
}

Deoptimization events (10 events):
Event: 4.209 Thread 0x00007f930b0aa000 Uncommon trap: reason=unstable_if action=reinterpret pc=0x00000001159e0d78 method=java.util.HashMap.keySet()Ljava/util/Set; @ 6
Event: 4.209 Thread 0x00007f930b0aa000 Uncommon trap: reason=unstable_if action=reinterpret pc=0x00000001159f0988 method=java.util.HashMap$HashIterator.<init>(Ljava/util/HashMap;)V @ 38
Event: 5.619 Thread 0x00007f930a00d000 Uncommon trap: reason=unstable_if action=reinterpret pc=0x0000000115a0c9a0 method=org.lwjgl.opengl.MacOSXDisplay.update()V @ 86
Event: 5.820 Thread 0x00007f930a00d000 Uncommon trap: reason=unstable_if action=reinterpret pc=0x0000000115a07a3c method=org.newdawn.slick.GameContainer.updateAndRender(I)V @ 236
Event: 6.202 Thread 0x00007f930a00d000 Uncommon trap: reason=unstable_if action=reinterpret pc=0x0000000115a00274 method=org.lwjgl.input.Keyboard.readNext(Lorg/lwjgl/input/Keyboard$KeyEvent;)Z @ 6
Event: 7.793 Thread 0x00007f930a270000 Uncommon trap: reason=unstable_if action=reinterpret pc=0x00000001159eb4a4 method=java.util.HashMap$HashIterator.<init>(Ljava/util/HashMap;)V @ 38
Event: 9.608 Thread 0x00007f930a00d000 Uncommon trap: reason=unstable_if action=reinterpret pc=0x00000001159f23b4 method=org.lwjgl.opengl.MacOSXNativeKeyboard.flushDeferredEvent()V @ 4
Event: 9.635 Thread 0x00007f930ad8d000 Uncommon trap: reason=unstable_if action=reinterpret pc=0x000000011581b094 method=java.lang.String.indexOf([CII[CIII)I @ 3
Event: 10.708 Thread 0x00007f930ad8d000 Uncommon trap: reason=unstable_if action=reinterpret pc=0x00000001158ff9e4 method=java.lang.ref.SoftReference.get()Ljava/lang/Object; @ 17
Event: 56.780 Thread 0x00007f930a00d000 Uncommon trap: reason=unstable_if action=reinterpret pc=0x00000001159fbf20 method=org.newdawn.slick.AppGameContainer.gameLoop()V @ 60

Classes redefined (0 events):
No events

Internal exceptions (10 events):
Event: 0.139 Thread 0x00007f930a00d000 Exception <a 'java/security/PrivilegedActionException'> (0x000000079581c9e0) thrown at [/Users/java_re/workspace/8-2-build-macosx-x86_64/jdk8u152/9742/hotspot/src/share/vm/prims/jvm.cpp, line 1390]
Event: 0.139 Thread 0x00007f930a00d000 Exception <a 'java/security/PrivilegedActionException'> (0x000000079581cbf0) thrown at [/Users/java_re/workspace/8-2-build-macosx-x86_64/jdk8u152/9742/hotspot/src/share/vm/prims/jvm.cpp, line 1390]
Event: 0.183 Thread 0x00007f930a00d000 Exception <a 'java/lang/NoSuchFieldError': method resolution failed> (0x00000007958e9c68) thrown at [/Users/java_re/workspace/8-2-build-macosx-x86_64/jdk8u152/9742/hotspot/src/share/vm/prims/methodHandles.cpp, line 1167]
Event: 0.185 Thread 0x00007f930a00d000 Exception <a 'java/lang/NoSuchFieldError': method resolution failed> (0x00000007958f73b8) thrown at [/Users/java_re/workspace/8-2-build-macosx-x86_64/jdk8u152/9742/hotspot/src/share/vm/prims/methodHandles.cpp, line 1167]
Event: 0.359 Thread 0x00007f930a00d000 Exception <a 'java/io/FileNotFoundException'> (0x0000000795972238) thrown at [/Users/java_re/workspace/8-2-build-macosx-x86_64/jdk8u152/9742/hotspot/src/share/vm/prims/jni.cpp, line 709]
Event: 0.359 Thread 0x00007f930a00d000 Exception <a 'java/io/FileNotFoundException'> (0x0000000795972da0) thrown at [/Users/java_re/workspace/8-2-build-macosx-x86_64/jdk8u152/9742/hotspot/src/share/vm/prims/jni.cpp, line 709]
Event: 0.371 Thread 0x00007f930a00d000 Exception <a 'java/lang/UnsatisfiedLinkError'> (0x0000000795981670) thrown at [/Users/java_re/workspace/8-2-build-macosx-x86_64/jdk8u152/9742/hotspot/src/share/vm/prims/jvm.cpp, line 1394]
Event: 4.209 Thread 0x00007f930b0aa000 Implicit null exception at 0x00000001159f06df to 0x00000001159f096d
Event: 7.793 Thread 0x00007f930a270000 Implicit null exception at 0x00000001159eb246 to 0x00000001159eb48d
Event: 9.631 Thread 0x00007f930ad8d000 Exception <a 'java/lang/NoSuchMethodError': <clinit>> (0x000000079697fa40) thrown at [/Users/java_re/workspace/8-2-build-macosx-x86_64/jdk8u152/9742/hotspot/src/share/vm/prims/jni.cpp, line 1613]

Events (10 events):
Event: 53.030 Thread 0x00007f930ad8d000 DEOPT UNPACKING pc=0x000000011562f633 sp=0x00007000070013c0 mode 0
Event: 53.935 Executing VM operation: RevokeBias
Event: 53.935 Executing VM operation: RevokeBias done
Event: 53.935 Thread 0x00007f9310212800 Thread exited: 0x00007f9310212800
Event: 56.364 Thread 0x00007f931085a000 Thread added: 0x00007f931085a000
Event: 56.780 Thread 0x00007f930a00d000 Uncommon trap: trap_request=0xffffff65 fr.pc=0x00000001159fbf20
Event: 56.780 Thread 0x00007f930a00d000 DEOPT PACKING pc=0x00000001159fbf20 sp=0x0000700006154840
Event: 56.780 Thread 0x00007f930a00d000 DEOPT UNPACKING pc=0x00000001155ed229 sp=0x0000700006154808 mode 2
Event: 56.783 loading class org/lwjgl/opengl/CallbackUtil
Event: 56.783 loading class org/lwjgl/opengl/CallbackUtil done


Dynamic libraries:
0x000000005486e000 	/System/Library/Frameworks/Cocoa.framework/Versions/A/Cocoa
0x000000005486e000 	/System/Library/Frameworks/Security.framework/Versions/A/Security
0x000000005486e000 	/System/Library/Frameworks/ApplicationServices.framework/Versions/A/ApplicationServices
0x000000005486e000 	/usr/lib/libz.1.dylib
0x000000005486e000 	/usr/lib/libSystem.B.dylib
0x000000005486e000 	/usr/lib/libobjc.A.dylib
0x000000005486e000 	/System/Library/Frameworks/CoreFoundation.framework/Versions/A/CoreFoundation
0x000000005486e000 	/System/Library/Frameworks/Foundation.framework/Versions/C/Foundation
0x000000005486e000 	/System/Library/Frameworks/AppKit.framework/Versions/C/AppKit
0x000000005486e000 	/System/Library/Frameworks/CoreData.framework/Versions/A/CoreData
0x000000005486e000 	/System/Library/PrivateFrameworks/RemoteViewServices.framework/Versions/A/RemoteViewServices
0x000000005486e000 	/System/Library/PrivateFrameworks/UIFoundation.framework/Versions/A/UIFoundation
0x000000005486e000 	/System/Library/PrivateFrameworks/DFRFoundation.framework/Versions/A/DFRFoundation
0x000000005486e000 	/usr/lib/libenergytrace.dylib
0x000000005486e000 	/System/Library/PrivateFrameworks/SkyLight.framework/Versions/A/SkyLight
0x000000005486e000 	/System/Library/Frameworks/CoreGraphics.framework/Versions/A/CoreGraphics
0x000000005486e000 	/usr/lib/libScreenReader.dylib
0x000000005486e000 	/System/Library/Frameworks/Accelerate.framework/Versions/A/Accelerate
0x000000005486e000 	/System/Library/Frameworks/IOSurface.framework/Versions/A/IOSurface
0x000000005486e000 	/System/Library/Frameworks/AudioToolbox.framework/Versions/A/AudioToolbox
0x000000005486e000 	/System/Library/Frameworks/AudioUnit.framework/Versions/A/AudioUnit
0x000000005486e000 	/System/Library/PrivateFrameworks/DataDetectorsCore.framework/Versions/A/DataDetectorsCore
0x000000005486e000 	/System/Library/PrivateFrameworks/DesktopServicesPriv.framework/Versions/A/DesktopServicesPriv
0x000000005486e000 	/System/Library/Frameworks/Carbon.framework/Versions/A/Frameworks/HIToolbox.framework/Versions/A/HIToolbox
0x000000005486e000 	/usr/lib/libicucore.A.dylib
0x000000005486e000 	/System/Library/Frameworks/QuartzCore.framework/Versions/A/QuartzCore
0x000000005486e000 	/System/Library/Frameworks/Carbon.framework/Versions/A/Frameworks/SpeechRecognition.framework/Versions/A/SpeechRecognition
0x000000005486e000 	/usr/lib/libauto.dylib
0x000000005486e000 	/usr/lib/libxml2.2.dylib
0x000000005486e000 	/System/Library/PrivateFrameworks/CoreUI.framework/Versions/A/CoreUI
0x000000005486e000 	/System/Library/Frameworks/CoreAudio.framework/Versions/A/CoreAudio
0x000000005486e000 	/System/Library/Frameworks/DiskArbitration.framework/Versions/A/DiskArbitration
0x000000005486e000 	/usr/lib/liblangid.dylib
0x000000005486e000 	/System/Library/PrivateFrameworks/MultitouchSupport.framework/Versions/A/MultitouchSupport
0x000000005486e000 	/System/Library/Frameworks/IOKit.framework/Versions/A/IOKit
0x000000005486e000 	/usr/lib/libDiagnosticMessagesClient.dylib
0x000000005486e000 	/System/Library/Frameworks/CoreServices.framework/Versions/A/CoreServices
0x000000005486e000 	/System/Library/PrivateFrameworks/PerformanceAnalysis.framework/Versions/A/PerformanceAnalysis
0x000000005486e000 	/System/Library/PrivateFrameworks/GenerationalStorage.framework/Versions/A/GenerationalStorage
0x000000005486e000 	/System/Library/Frameworks/OpenGL.framework/Versions/A/OpenGL
0x000000005486e000 	/System/Library/Frameworks/CoreImage.framework/Versions/A/CoreImage
0x000000005486e000 	/System/Library/Frameworks/CoreText.framework/Versions/A/CoreText
0x000000005486e000 	/System/Library/Frameworks/ImageIO.framework/Versions/A/ImageIO
0x000000005486e000 	/System/Library/PrivateFrameworks/Backup.framework/Versions/A/Backup
0x000000005486e000 	/usr/lib/libarchive.2.dylib
0x000000005486e000 	/System/Library/Frameworks/CFNetwork.framework/Versions/A/CFNetwork
0x000000005486e000 	/System/Library/Frameworks/SystemConfiguration.framework/Versions/A/SystemConfiguration
0x000000005486e000 	/usr/lib/libCRFSuite.dylib
0x000000005486e000 	/usr/lib/libc++.1.dylib
0x000000005486e000 	/usr/lib/libc++abi.dylib
0x000000005486e000 	/usr/lib/system/libcache.dylib
0x000000005486e000 	/usr/lib/system/libcommonCrypto.dylib
0x000000005486e000 	/usr/lib/system/libcompiler_rt.dylib
0x000000005486e000 	/usr/lib/system/libcopyfile.dylib
0x000000005486e000 	/usr/lib/system/libcorecrypto.dylib
0x000000005486e000 	/usr/lib/system/libdispatch.dylib
0x000000005486e000 	/usr/lib/system/libdyld.dylib
0x000000005486e000 	/usr/lib/system/libkeymgr.dylib
0x000000005486e000 	/usr/lib/system/liblaunch.dylib
0x000000005486e000 	/usr/lib/system/libmacho.dylib
0x000000005486e000 	/usr/lib/system/libquarantine.dylib
0x000000005486e000 	/usr/lib/system/libremovefile.dylib
0x000000005486e000 	/usr/lib/system/libsystem_asl.dylib
0x000000005486e000 	/usr/lib/system/libsystem_blocks.dylib
0x000000005486e000 	/usr/lib/system/libsystem_c.dylib
0x000000005486e000 	/usr/lib/system/libsystem_configuration.dylib
0x000000005486e000 	/usr/lib/system/libsystem_coreservices.dylib
0x000000005486e000 	/usr/lib/system/libsystem_coretls.dylib
0x000000005486e000 	/usr/lib/system/libsystem_dnssd.dylib
0x000000005486e000 	/usr/lib/system/libsystem_info.dylib
0x000000005486e000 	/usr/lib/system/libsystem_kernel.dylib
0x000000005486e000 	/usr/lib/system/libsystem_m.dylib
0x000000005486e000 	/usr/lib/system/libsystem_malloc.dylib
0x000000005486e000 	/usr/lib/system/libsystem_network.dylib
0x000000005486e000 	/usr/lib/system/libsystem_networkextension.dylib
0x000000005486e000 	/usr/lib/system/libsystem_notify.dylib
0x000000005486e000 	/usr/lib/system/libsystem_platform.dylib
0x000000005486e000 	/usr/lib/system/libsystem_pthread.dylib
0x000000005486e000 	/usr/lib/system/libsystem_sandbox.dylib
0x000000005486e000 	/usr/lib/system/libsystem_secinit.dylib
0x000000005486e000 	/usr/lib/system/libsystem_symptoms.dylib
0x000000005486e000 	/usr/lib/system/libsystem_trace.dylib
0x000000005486e000 	/usr/lib/system/libunwind.dylib
0x000000005486e000 	/usr/lib/system/libxpc.dylib
0x000000005486e000 	/usr/lib/libbsm.0.dylib
0x000000005486e000 	/usr/lib/system/libkxld.dylib
0x000000005486e000 	/usr/lib/libcoretls.dylib
0x000000005486e000 	/usr/lib/libcoretls_cfhelpers.dylib
0x000000005486e000 	/usr/lib/libOpenScriptingUtil.dylib
0x000000005486e000 	/usr/lib/libpam.2.dylib
0x000000005486e000 	/usr/lib/libsqlite3.dylib
0x000000005486e000 	/usr/lib/libxar.1.dylib
0x000000005486e000 	/usr/lib/libbz2.1.0.dylib
0x000000005486e000 	/usr/lib/liblzma.5.dylib
0x000000005486e000 	/usr/lib/libnetwork.dylib
0x000000005486e000 	/usr/lib/libpcap.A.dylib
0x000000005486e000 	/System/Library/Frameworks/CoreServices.framework/Versions/A/Frameworks/FSEvents.framework/Versions/A/FSEvents
0x000000005486e000 	/System/Library/Frameworks/CoreServices.framework/Versions/A/Frameworks/CarbonCore.framework/Versions/A/CarbonCore
0x000000005486e000 	/System/Library/Frameworks/CoreServices.framework/Versions/A/Frameworks/Metadata.framework/Versions/A/Metadata
0x000000005486e000 	/System/Library/Frameworks/CoreServices.framework/Versions/A/Frameworks/OSServices.framework/Versions/A/OSServices
0x000000005486e000 	/System/Library/Frameworks/CoreServices.framework/Versions/A/Frameworks/SearchKit.framework/Versions/A/SearchKit
0x000000005486e000 	/System/Library/Frameworks/CoreServices.framework/Versions/A/Frameworks/AE.framework/Versions/A/AE
0x000000005486e000 	/System/Library/Frameworks/CoreServices.framework/Versions/A/Frameworks/LaunchServices.framework/Versions/A/LaunchServices
0x000000005486e000 	/System/Library/Frameworks/CoreServices.framework/Versions/A/Frameworks/DictionaryServices.framework/Versions/A/DictionaryServices
0x000000005486e000 	/System/Library/Frameworks/CoreServices.framework/Versions/A/Frameworks/SharedFileList.framework/Versions/A/SharedFileList
0x000000005486e000 	/System/Library/Frameworks/NetFS.framework/Versions/A/NetFS
0x000000005486e000 	/System/Library/PrivateFrameworks/NetAuth.framework/Versions/A/NetAuth
0x000000005486e000 	/System/Library/PrivateFrameworks/login.framework/Versions/A/Frameworks/loginsupport.framework/Versions/A/loginsupport
0x000000005486e000 	/System/Library/PrivateFrameworks/TCC.framework/Versions/A/TCC
0x000000005486e000 	/usr/lib/libmecabra.dylib
0x000000005486e000 	/System/Library/Frameworks/ApplicationServices.framework/Versions/A/Frameworks/ATS.framework/Versions/A/ATS
0x000000005486e000 	/System/Library/Frameworks/ApplicationServices.framework/Versions/A/Frameworks/ColorSync.framework/Versions/A/ColorSync
0x000000005486e000 	/System/Library/Frameworks/ApplicationServices.framework/Versions/A/Frameworks/HIServices.framework/Versions/A/HIServices
0x000000005486e000 	/System/Library/Frameworks/ApplicationServices.framework/Versions/A/Frameworks/LangAnalysis.framework/Versions/A/LangAnalysis
0x000000005486e000 	/System/Library/Frameworks/ApplicationServices.framework/Versions/A/Frameworks/PrintCore.framework/Versions/A/PrintCore
0x000000005486e000 	/System/Library/Frameworks/ApplicationServices.framework/Versions/A/Frameworks/QD.framework/Versions/A/QD
0x000000005486e000 	/System/Library/Frameworks/ApplicationServices.framework/Versions/A/Frameworks/SpeechSynthesis.framework/Versions/A/SpeechSynthesis
0x000000005486e000 	/System/Library/Frameworks/Accelerate.framework/Versions/A/Frameworks/vImage.framework/Versions/A/vImage
0x000000005486e000 	/System/Library/Frameworks/Accelerate.framework/Versions/A/Frameworks/vecLib.framework/Versions/A/vecLib
0x000000005486e000 	/System/Library/Frameworks/Accelerate.framework/Versions/A/Frameworks/vecLib.framework/Versions/A/libvDSP.dylib
0x000000005486e000 	/System/Library/Frameworks/Accelerate.framework/Versions/A/Frameworks/vecLib.framework/Versions/A/libBNNS.dylib
0x000000005486e000 	/System/Library/Frameworks/Accelerate.framework/Versions/A/Frameworks/vecLib.framework/Versions/A/libQuadrature.dylib
0x000000005486e000 	/System/Library/Frameworks/Accelerate.framework/Versions/A/Frameworks/vecLib.framework/Versions/A/libvMisc.dylib
0x000000005486e000 	/System/Library/Frameworks/Accelerate.framework/Versions/A/Frameworks/vecLib.framework/Versions/A/libLAPACK.dylib
0x000000005486e000 	/System/Library/Frameworks/Accelerate.framework/Versions/A/Frameworks/vecLib.framework/Versions/A/libBLAS.dylib
0x000000005486e000 	/System/Library/Frameworks/Accelerate.framework/Versions/A/Frameworks/vecLib.framework/Versions/A/libLinearAlgebra.dylib
0x000000005486e000 	/System/Library/Frameworks/Accelerate.framework/Versions/A/Frameworks/vecLib.framework/Versions/A/libSparseBLAS.dylib
0x000000005486e000 	/System/Library/Frameworks/ApplicationServices.framework/Versions/A/Frameworks/ATS.framework/Versions/A/Resources/libFontParser.dylib
0x000000005486e000 	/System/Library/Frameworks/ApplicationServices.framework/Versions/A/Frameworks/ATS.framework/Versions/A/Resources/libFontRegistry.dylib
0x000000005486e000 	/System/Library/Frameworks/ImageIO.framework/Versions/A/Resources/libJPEG.dylib
0x000000005486e000 	/System/Library/Frameworks/ImageIO.framework/Versions/A/Resources/libTIFF.dylib
0x000000005486e000 	/System/Library/Frameworks/ImageIO.framework/Versions/A/Resources/libPng.dylib
0x000000005486e000 	/System/Library/Frameworks/ImageIO.framework/Versions/A/Resources/libGIF.dylib
0x000000005486e000 	/System/Library/Frameworks/ImageIO.framework/Versions/A/Resources/libJP2.dylib
0x000000005486e000 	/System/Library/Frameworks/ImageIO.framework/Versions/A/Resources/libRadiance.dylib
0x000000005486e000 	/usr/lib/libcompression.dylib
0x000000005486e000 	/System/Library/PrivateFrameworks/AppleJPEG.framework/Versions/A/AppleJPEG
0x000000005486e000 	/usr/lib/libcups.2.dylib
0x000000005486e000 	/System/Library/Frameworks/Kerberos.framework/Versions/A/Kerberos
0x000000005486e000 	/System/Library/Frameworks/GSS.framework/Versions/A/GSS
0x000000005486e000 	/usr/lib/libresolv.9.dylib
0x000000005486e000 	/usr/lib/libiconv.2.dylib
0x000000005486e000 	/System/Library/PrivateFrameworks/Heimdal.framework/Versions/A/Heimdal
0x000000005486e000 	/usr/lib/libheimdal-asn1.dylib
0x000000005486e000 	/System/Library/Frameworks/OpenDirectory.framework/Versions/A/OpenDirectory
0x000000005486e000 	/System/Library/PrivateFrameworks/CommonAuth.framework/Versions/A/CommonAuth
0x000000005486e000 	/System/Library/Frameworks/OpenDirectory.framework/Versions/A/Frameworks/CFOpenDirectory.framework/Versions/A/CFOpenDirectory
0x000000005486e000 	/System/Library/Frameworks/SecurityFoundation.framework/Versions/A/SecurityFoundation
0x000000005486e000 	/System/Library/PrivateFrameworks/LanguageModeling.framework/Versions/A/LanguageModeling
0x000000005486e000 	/usr/lib/libmarisa.dylib
0x000000005486e000 	/usr/lib/libChineseTokenizer.dylib
0x000000005486e000 	/usr/lib/libcmph.dylib
0x000000005486e000 	/System/Library/PrivateFrameworks/CoreEmoji.framework/Versions/A/CoreEmoji
0x000000005486e000 	/System/Library/Frameworks/ServiceManagement.framework/Versions/A/ServiceManagement
0x000000005486e000 	/usr/lib/libxslt.1.dylib
0x000000005486e000 	/System/Library/Frameworks/Carbon.framework/Versions/A/Frameworks/Ink.framework/Versions/A/Ink
0x000000005486e000 	/System/Library/PrivateFrameworks/TextureIO.framework/Versions/A/TextureIO
0x000000005486e000 	/System/Library/Frameworks/Metal.framework/Versions/A/Metal
0x000000005486e000 	/usr/lib/libate.dylib
0x000000005486e000 	/System/Library/PrivateFrameworks/GPUCompiler.framework/libmetal_timestamp.dylib
0x000000005486e000 	/System/Library/Frameworks/OpenGL.framework/Versions/A/Libraries/libCoreFSCache.dylib
0x000000005486e000 	/System/Library/PrivateFrameworks/IOAccelerator.framework/Versions/A/IOAccelerator
0x000000005486e000 	/System/Library/Frameworks/CoreVideo.framework/Versions/A/CoreVideo
0x000000005486e000 	/usr/lib/libFosl_dynamic.dylib
0x000000005486e000 	/System/Library/PrivateFrameworks/MetalPerformanceShaders.framework/Versions/A/MetalPerformanceShaders
0x000000005486e000 	/System/Library/PrivateFrameworks/FaceCore.framework/Versions/A/FaceCore
0x000000005486e000 	/System/Library/Frameworks/OpenCL.framework/Versions/A/OpenCL
0x000000005486e000 	/System/Library/Frameworks/OpenGL.framework/Versions/A/Libraries/libGLU.dylib
0x000000005486e000 	/System/Library/Frameworks/OpenGL.framework/Versions/A/Libraries/libGFXShared.dylib
0x000000005486e000 	/System/Library/Frameworks/OpenGL.framework/Versions/A/Libraries/libGL.dylib
0x000000005486e000 	/System/Library/Frameworks/OpenGL.framework/Versions/A/Libraries/libGLImage.dylib
0x000000005486e000 	/System/Library/Frameworks/OpenGL.framework/Versions/A/Libraries/libCVMSPluginSupport.dylib
0x000000005486e000 	/System/Library/Frameworks/OpenGL.framework/Versions/A/Libraries/libCoreVMClient.dylib
0x000000005486e000 	/System/Library/PrivateFrameworks/CrashReporterSupport.framework/Versions/A/CrashReporterSupport
0x000000005486e000 	/System/Library/PrivateFrameworks/Sharing.framework/Versions/A/Sharing
0x000000005486e000 	/System/Library/PrivateFrameworks/IconServices.framework/Versions/A/IconServices
0x000000005486e000 	/System/Library/PrivateFrameworks/ProtocolBuffer.framework/Versions/A/ProtocolBuffer
0x000000005486e000 	/System/Library/PrivateFrameworks/Apple80211.framework/Versions/A/Apple80211
0x000000005486e000 	/System/Library/Frameworks/CoreWLAN.framework/Versions/A/CoreWLAN
0x000000005486e000 	/System/Library/PrivateFrameworks/CoreUtils.framework/Versions/A/CoreUtils
0x000000005486e000 	/System/Library/Frameworks/IOBluetooth.framework/Versions/A/IOBluetooth
0x000000005486e000 	/System/Library/PrivateFrameworks/CoreWiFi.framework/Versions/A/CoreWiFi
0x000000005486e000 	/System/Library/Frameworks/CoreBluetooth.framework/Versions/A/CoreBluetooth
0x000000005486e000 	/System/Library/Frameworks/CoreDisplay.framework/Versions/A/CoreDisplay
0x000000005486e000 	/System/Library/PrivateFrameworks/IOPresentment.framework/Versions/A/IOPresentment
0x000000005486e000 	/System/Library/PrivateFrameworks/DSExternalDisplay.framework/Versions/A/DSExternalDisplay
0x000000005486e000 	/System/Library/PrivateFrameworks/DebugSymbols.framework/Versions/A/DebugSymbols
0x000000005486e000 	/System/Library/PrivateFrameworks/CoreSymbolication.framework/Versions/A/CoreSymbolication
0x000000005486e000 	/System/Library/PrivateFrameworks/Symbolication.framework/Versions/A/Symbolication
0x000000005486e000 	/System/Library/PrivateFrameworks/AppleFSCompression.framework/Versions/A/AppleFSCompression
0x000000005486e000 	/System/Library/PrivateFrameworks/SpeechRecognitionCore.framework/Versions/A/SpeechRecognitionCore
0x000000005486e000 	/System/Library/PrivateFrameworks/ChunkingLibrary.framework/Versions/A/ChunkingLibrary
0x0000000109600000 	/Library/Java/JavaVirtualMachines/jdk1.8.0_152.jdk/Contents/Home/jre/lib/server/libjvm.dylib
0x000000005486e000 	/usr/lib/libstdc++.6.dylib
0x0000000108c47000 	/Library/Java/JavaVirtualMachines/jdk1.8.0_152.jdk/Contents/Home/jre/lib/libverify.dylib
0x0000000108c55000 	/Library/Java/JavaVirtualMachines/jdk1.8.0_152.jdk/Contents/Home/jre/lib/libjava.dylib
0x0000000108c95000 	/Library/Java/JavaVirtualMachines/jdk1.8.0_152.jdk/Contents/Home/jre/lib/libzip.dylib
0x000000011278a000 	/Library/Java/JavaVirtualMachines/jdk1.8.0_152.jdk/Contents/Home/jre/lib/libawt.dylib
0x0000000112834000 	/Library/Java/JavaVirtualMachines/jdk1.8.0_152.jdk/Contents/Home/jre/lib/./libmlib_image.dylib
0x0000000112900000 	/System/Library/Frameworks/JavaVM.framework/Versions/A/Frameworks/JavaNativeFoundation.framework/Versions/A/JavaNativeFoundation
0x0000000112915000 	/System/Library/Frameworks/JavaVM.framework/Versions/A/Frameworks/JavaRuntimeSupport.framework/Versions/A/JavaRuntimeSupport
0x000000011292f000 	/System/Library/Frameworks/JavaVM.framework/Versions/A/JavaVM
0x000000011293c000 	/System/Library/PrivateFrameworks/JavaLaunching.framework/Versions/A/JavaLaunching
0x000000005486e000 	/System/Library/Frameworks/Carbon.framework/Versions/A/Carbon
0x000000005486e000 	/System/Library/Frameworks/Carbon.framework/Versions/A/Frameworks/CommonPanels.framework/Versions/A/CommonPanels
0x000000005486e000 	/System/Library/Frameworks/Carbon.framework/Versions/A/Frameworks/Help.framework/Versions/A/Help
0x000000005486e000 	/System/Library/Frameworks/Carbon.framework/Versions/A/Frameworks/ImageCapture.framework/Versions/A/ImageCapture
0x000000005486e000 	/System/Library/Frameworks/Carbon.framework/Versions/A/Frameworks/OpenScripting.framework/Versions/A/OpenScripting
0x000000005486e000 	/System/Library/Frameworks/Carbon.framework/Versions/A/Frameworks/Print.framework/Versions/A/Print
0x000000005486e000 	/System/Library/Frameworks/Carbon.framework/Versions/A/Frameworks/SecurityHI.framework/Versions/A/SecurityHI
0x0000000112948000 	/Library/Java/JavaVirtualMachines/jdk1.8.0_152.jdk/Contents/Home/jre/lib/libawt_lwawt.dylib
0x0000000112a02000 	/Library/Java/JavaVirtualMachines/jdk1.8.0_152.jdk/Contents/Home/jre/lib/./libosxapp.dylib
0x000000005486e000 	/System/Library/Frameworks/ExceptionHandling.framework/Versions/A/ExceptionHandling
0x000000005486e000 	/System/Library/PrivateFrameworks/CoreServicesInternal.framework/Versions/A/CoreServicesInternal
0x000000005486e000 	/System/Library/CoreServices/RawCamera.bundle/Contents/MacOS/RawCamera
0x000000005486e000 	/System/Library/Frameworks/Accelerate.framework/Versions/A/Frameworks/vImage.framework/Versions/A/Libraries/libCGInterfaces.dylib
0x000000005486e000 	/System/Library/Frameworks/ApplicationServices.framework/Versions/A/Frameworks/ATS.framework/Versions/A/Resources/libTrueTypeScaler.dylib
0x0000000114a7e000 	/System/Library/Frameworks/OpenGL.framework/Resources/GLEngine.bundle/GLEngine
0x000000005486e000 	/System/Library/Frameworks/OpenGL.framework/Versions/A/Libraries/libGLProgrammability.dylib
0x0000000114c63000 	/System/Library/Extensions/AppleIntelBDWGraphicsGLDriver.bundle/Contents/MacOS/AppleIntelBDWGraphicsGLDriver
0x000000005486e000 	/System/Library/PrivateFrameworks/GPUSupport.framework/Versions/A/Libraries/libGPUSupportMercury.dylib
0x00000001153cd000 	/System/Library/Frameworks/OpenGL.framework/Resources//GLRendererFloat.bundle/GLRendererFloat
0x000000005486e000 	/System/Library/Frameworks/OpenCL.framework/Versions/A/Libraries/libcldcpuengine.dylib
0x000000005486e000 	/usr/lib/libcrypto.0.9.8.dylib
0x000000005486e000 	/System/Library/PrivateFrameworks/TrustEvaluationAgent.framework/Versions/A/TrustEvaluationAgent
0x0000000115401000 	/System/Library/Extensions/AppleIntelBDWGraphicsMTLDriver.bundle/Contents/MacOS/AppleIntelBDWGraphicsMTLDriver
0x000000005486e000 	/System/Library/PrivateFrameworks/FamilyControls.framework/Versions/A/FamilyControls
0x000000005486e000 	/System/Library/PrivateFrameworks/CommerceKit.framework/Versions/A/Frameworks/CommerceCore.framework/Versions/A/CommerceCore
0x000000005486e000 	/System/Library/PrivateFrameworks/SystemAdministration.framework/Versions/A/SystemAdministration
0x000000005486e000 	/System/Library/PrivateFrameworks/AppContainer.framework/Versions/A/AppContainer
0x000000005486e000 	/System/Library/PrivateFrameworks/SecCodeWrapper.framework/Versions/A/SecCodeWrapper
0x000000005486e000 	/System/Library/Frameworks/DirectoryService.framework/Versions/A/DirectoryService
0x000000005486e000 	/System/Library/PrivateFrameworks/DiskImages.framework/Versions/A/DiskImages
0x000000005486e000 	/System/Library/PrivateFrameworks/LoginUIKit.framework/Versions/A/Frameworks/LoginUICore.framework/Versions/A/LoginUICore
0x000000005486e000 	/usr/lib/libCoreStorage.dylib
0x000000005486e000 	/usr/lib/libcsfde.dylib
0x000000005486e000 	/usr/lib/libodfde.dylib
0x000000005486e000 	/System/Library/Frameworks/DiscRecording.framework/Versions/A/DiscRecording
0x000000005486e000 	/usr/lib/libcurl.4.dylib
0x000000005486e000 	/System/Library/PrivateFrameworks/MediaKit.framework/Versions/A/MediaKit
0x000000005486e000 	/System/Library/PrivateFrameworks/ProtectedCloudStorage.framework/Versions/A/ProtectedCloudStorage
0x000000005486e000 	/System/Library/PrivateFrameworks/EFILogin.framework/Versions/A/EFILogin
0x000000005486e000 	/usr/lib/libutil.dylib
0x000000005486e000 	/System/Library/Frameworks/LDAP.framework/Versions/A/LDAP
0x000000005486e000 	/usr/lib/libsasl2.2.dylib
0x000000005486e000 	/System/Library/PrivateFrameworks/CoreDaemon.framework/Versions/B/CoreDaemon
0x000000005486e000 	/System/Library/PrivateFrameworks/AppleSRP.framework/Versions/A/AppleSRP
0x000000005486e000 	/System/Library/PrivateFrameworks/APFS.framework/Versions/A/APFS
0x0000000125e51000 	/Library/Java/JavaVirtualMachines/jdk1.8.0_152.jdk/Contents/Home/jre/lib/libfontmanager.dylib
0x0000000125eb8000 	/Users/Chayce/git/JIG/lib/lwjgl-2.9.0/native/macosx/liblwjgl.jnilib
0x0000000113fca000 	/Library/Java/JavaVirtualMachines/jdk1.8.0_152.jdk/Contents/Home/jre/lib/libjawt.dylib
0x000000005486e000 	/System/Library/PrivateFrameworks/ViewBridge.framework/Versions/A/ViewBridge
0x000000005486e000 	/System/Library/PrivateFrameworks/XPCService.framework/Versions/A/XPCService
0x000000005486e000 	/System/Library/PrivateFrameworks/AppSandbox.framework/Versions/A/AppSandbox
0x000000005486e000 	/usr/lib/libsandbox.1.dylib
0x000000005486e000 	/usr/lib/libMatch.1.dylib
0x0000000115558000 	/Users/Chayce/git/JIG/lib/lwjgl-2.9.0/native/macosx/libjinput-osx.jnilib
0x0000000127ba9000 	/System/Library/Extensions/IOHIDFamily.kext/Contents/PlugIns/IOHIDLib.plugin/Contents/MacOS/IOHIDLib
0x000000012858c000 	/Library/Java/JavaVirtualMachines/jdk1.8.0_152.jdk/Contents/Home/jre/lib/libnet.dylib
0x00000001285c7000 	/Library/Java/JavaVirtualMachines/jdk1.8.0_152.jdk/Contents/Home/jre/lib/libnio.dylib
0x000000015437b000 	/Library/Java/JavaVirtualMachines/jdk1.8.0_152.jdk/Contents/Home/jre/lib/libdcpr.dylib

VM Arguments:
jvm_args: -Djava.library.path=/Users/Chayce/git/JIG/lib/lwjgl-2.9.0/native/macosx:/Users/Chayce/git/JIG/lib/lwjgl-2.9.0/native/macosx -Dfile.encoding=UTF-8 
java_command: gauntlet.Gauntlet
java_class_path (initial): /Library/Java/JavaVirtualMachines/jdk1.8.0_152.jdk/Contents/Home/jre/lib/resources.jar:/Library/Java/JavaVirtualMachines/jdk1.8.0_152.jdk/Contents/Home/jre/lib/rt.jar:/Library/Java/JavaVirtualMachines/jdk1.8.0_152.jdk/Contents/Home/jre/lib/jsse.jar:/Library/Java/JavaVirtualMachines/jdk1.8.0_152.jdk/Contents/Home/jre/lib/jce.jar:/Library/Java/JavaVirtualMachines/jdk1.8.0_152.jdk/Contents/Home/jre/lib/charsets.jar:/Library/Java/JavaVirtualMachines/jdk1.8.0_152.jdk/Contents/Home/jre/lib/jfr.jar:/Library/Java/JavaVirtualMachines/jdk1.8.0_152.jdk/Contents/Home/jre/lib/ext/cldrdata.jar:/Library/Java/JavaVirtualMachines/jdk1.8.0_152.jdk/Contents/Home/jre/lib/ext/dnsns.jar:/Library/Java/JavaVirtualMachines/jdk1.8.0_152.jdk/Contents/Home/jre/lib/ext/jaccess.jar:/Library/Java/JavaVirtualMachines/jdk1.8.0_152.jdk/Contents/Home/jre/lib/ext/jfxrt.jar:/Library/Java/JavaVirtualMachines/jdk1.8.0_152.jdk/Contents/Home/jre/lib/ext/localedata.jar:/Library/Java/JavaVirtualMachines/jdk1.8.0_152.jdk/Contents/Home/jre/lib/ext/nashorn.jar:/Library/Java/JavaVirtualMachines/jdk1.8.0_152.jdk/Contents/Home/jre/lib/ext/sunec.jar:/Library/Java/JavaVirtualMachines/jdk1.8.0_152.jdk/Contents/Home/jre/lib/ext/sunjce_provider.jar:/Library/Java/JavaVirtualMachines/jdk1.8.0_152.jdk/Contents/Home/jre/lib/ext/sunpkcs11.jar:/Library/Java/JavaVirtualMachines/jdk1.8.0_152.jdk/Contents/Home/jre/lib/ext/zipfs.jar:/System/Library/Java/Extensions/MRJToolkit.jar:/Users/Chayce/git/Gauntlet/bin:/Users/Chayce/git/JIG/lib/slick.jar:/Users/Chayce/git/JIG/jig/bin:/Users/Chayce/git/JIG/lib/lwjgl-2.9.0/jar/jinput.jar:/Users/Chayce/git/JIG/lib/lwjgl-2.9.0/jar/lwjgl.jar:/Users/Chayce/git/JIG/lib/jogg-0.0.7.jar:/Users/Chayce/git/JIG/lib/jorbis-0.0.15.jar
Launcher Type: SUN_STANDARD

Environment Variables:
PATH=/usr/bin:/bin:/usr/sbin:/sbin
SHELL=/bin/zsh
DISPLAY=/private/tmp/com.apple.launchd.ANiaBHpxnE/org.macosforge.xquartz:0

Signal Handlers:
SIGSEGV: [libjvm.dylib+0x5b494d], sa_mask[0]=11111111011111110111111111111111, sa_flags=SA_ONSTACK|SA_RESTART|SA_SIGINFO
SIGBUS: [libjvm.dylib+0x5b494d], sa_mask[0]=11111111011111110111111111111111, sa_flags=SA_RESTART|SA_SIGINFO
SIGFPE: [libjvm.dylib+0x48ab54], sa_mask[0]=11111111011111110111111111111111, sa_flags=SA_RESTART|SA_SIGINFO
SIGPIPE: [libjvm.dylib+0x48ab54], sa_mask[0]=11111111011111110111111111111111, sa_flags=SA_RESTART|SA_SIGINFO
SIGXFSZ: [libjvm.dylib+0x48ab54], sa_mask[0]=11111111011111110111111111111111, sa_flags=SA_RESTART|SA_SIGINFO
SIGILL: [libjvm.dylib+0x48ab54], sa_mask[0]=11111111011111110111111111111111, sa_flags=SA_RESTART|SA_SIGINFO
SIGUSR1: SIG_DFL, sa_mask[0]=00000000000000000000000000000000, sa_flags=none
SIGUSR2: [libjvm.dylib+0x48a672], sa_mask[0]=00100000000000000000000000000000, sa_flags=SA_RESTART|SA_SIGINFO
SIGHUP: [libjvm.dylib+0x488c49], sa_mask[0]=11111111011111110111111111111111, sa_flags=SA_RESTART|SA_SIGINFO
SIGINT: [libjvm.dylib+0x488c49], sa_mask[0]=11111111011111110111111111111111, sa_flags=SA_RESTART|SA_SIGINFO
SIGTERM: [libjvm.dylib+0x488c49], sa_mask[0]=11111111011111110111111111111111, sa_flags=SA_RESTART|SA_SIGINFO
SIGQUIT: [libjvm.dylib+0x488c49], sa_mask[0]=11111111011111110111111111111111, sa_flags=SA_RESTART|SA_SIGINFO


---------------  S Y S T E M  ---------------

OS:Bsduname:Darwin 16.7.0 Darwin Kernel Version 16.7.0: Thu Jun 21 20:07:39 PDT 2018; root:xnu-3789.73.14~1/RELEASE_X86_64 x86_64
rlimit: STACK 8192k, CORE 0k, NPROC 709, NOFILE 10240, AS infinity
load average:2.16 1.99 1.82

CPU:total 4 (initial active 4) (2 cores per cpu, 2 threads per core) family 6 model 61 stepping 4, cmov, cx8, fxsr, mmx, sse, sse2, sse3, ssse3, sse4.1, sse4.2, popcnt, avx, avx2, aes, clmul, erms, 3dnowpref, lzcnt, ht, tsc, tscinvbit, bmi1, bmi2, adx

Memory: 4k page, physical 8388608k(193704k free)

/proc/meminfo:


vm_info: Java HotSpot(TM) 64-Bit Server VM (25.152-b16) for bsd-amd64 JRE (1.8.0_152-b16), built on Sep 14 2017 02:31:13 by "java_re" with gcc 4.2.1 (Based on Apple Inc. build 5658) (LLVM build 2336.11.00)

time: Tue Nov 20 11:35:42 2018
elapsed time: 56 seconds (0d 0h 0m 56s)

