#
# A fatal error has been detected by the Java Runtime Environment:
#
#  SIGSEGV (0xb) at pc=0x00007fffdeb20d08, pid=15046, tid=0x0000000000000307
#
# JRE version: Java(TM) SE Runtime Environment (8.0_152-b16) (build 1.8.0_152-b16)
# Java VM: Java HotSpot(TM) 64-Bit Server VM (25.152-b16 mixed mode bsd-amd64 compressed oops)
# Problematic frame:
# C  [libobjc.A.dylib+0xbd08]  objc_storeWeak+0x16e
#
# Failed to write core dump. Core dumps have been disabled. To enable core dumping, try "ulimit -c unlimited" before starting Java again
#
# If you would like to submit a bug report, please visit:
#   http://bugreport.java.com/bugreport/crash.jsp
# The crash happened outside the Java Virtual Machine in native code.
# See problematic frame for where to report the bug.
#

---------------  T H R E A D  ---------------

Current thread (0x00007f8141031800):  JavaThread "AppKit Thread" daemon [_thread_in_native, id=775, stack(0x00007fff58902000,0x00007fff59102000)]

siginfo: si_signo: 11 (SIGSEGV), si_code: 1 (SEGV_MAPERR), si_addr: 0x0000000000000000

Registers:
RAX=0x00007f8141000800, RBX=0x00007fffe8273480, RCX=0x0000000000000000, RDX=0x00007ffffffffff8
RSP=0x00007fff590fc050, RBP=0x00007fff590fc0d0, RSI=0x00007f8141000800, RDI=0x00007fffe8273480
R8 =0x00000000000000ff, R9 =0x00007f813f62d030, R10=0x0000000000000010, R11=0x00007f8140b59100
R12=0x00007fffe8273b00, R13=0x0000000000000000, R14=0x00007f813f7beaf0, R15=0x0000000000000000
RIP=0x00007fffdeb20d08, EFLAGS=0x0000000000010206, ERR=0x0000000000000004
  TRAPNO=0x000000000000000e

Top of Stack: (sp=0x00007fff590fc050)
0x00007fff590fc050:   0000000000000000 00007f813f448790
0x00007fff590fc060:   ffff807ec09d2fd0 0000000000000680
0x00007fff590fc070:   00007fffe81bd630 0000000000000000
0x00007fff590fc080:   00007fffe8273b00 00007f813f7beaf0
0x00007fff590fc090:   0000000000000000 00007f813f40c170
0x00007fff590fc0a0:   000000000000000c 00007f813f62d030
0x00007fff590fc0b0:   0000000000000000 00007f813f62d030
0x00007fff590fc0c0:   00007f813f486670 00007f813f7beaf0
0x00007fff590fc0d0:   00007fff590fc110 00007fffcb676acf
0x00007fff590fc0e0:   00007fff590fc110 0000000000000000
0x00007fff590fc0f0:   00007f813f7beaf0 00007fffc83a9006
0x00007fff590fc100:   00007f813f62d030 00007fffdeb1c040
0x00007fff590fc110:   00007fff590fc140 00007fffc7a416fb
0x00007fff590fc120:   00007fffdeb1c040 00007fff590fc1c8
0x00007fff590fc130:   00007fffc83ec759 00007fffdeb1c040
0x00007fff590fc140:   00007fff590fc180 00007fffc7e0ec73
0x00007fff590fc150:   0000000000000000 0000000000000000
0x00007fff590fc160:   00007f813f62d030 00007fffc83cf17f
0x00007fff590fc170:   00007fff590fc1c8 0000000000000001
0x00007fff590fc180:   00007fff590fc1b0 00007fffc7898d48
0x00007fff590fc190:   0000000000000000 00007f813f7beaf0
0x00007fff590fc1a0:   00007f813f62d030 0000000000000000
0x00007fff590fc1b0:   00007fff590fc210 00007fffc7a41538
0x00007fff590fc1c0:   0000000000000000 00007fffe8306060
0x00007fff590fc1d0:   00000000c2000000 00007fffc7e0eb84
0x00007fff590fc1e0:   00007fffe43d8cf0 0000000000000000
0x00007fff590fc1f0:   00007f813f7beaf0 00007f813f62d030
0x00007fff590fc200:   00007f813f7beaf0 00007f813f46d010
0x00007fff590fc210:   00007fff590fc240 0000000123de866e
0x00007fff590fc220:   00007f813f62d030 0000000123e1ab98
0x00007fff590fc230:   00007f813f46d010 0000000000000094
0x00007fff590fc240:   00007fff590fc7b0 00007fffc78bbe7b 

Instructions: (pc=0x00007fffdeb20d08)
0x00007fffdeb20ce8:   eb 07 48 8b 45 a0 48 8b 30 48 8b 45 c0 48 39 c6
0x00007fffdeb20cf8:   74 2a 48 8b 46 20 48 89 c1 48 21 d1 48 8b 49 08
0x00007fffdeb20d08:   f6 01 01 75 0a 48 8b 06 48 21 d0 48 8b 40 20 48
0x00007fffdeb20d18:   21 d0 f6 40 03 20 0f 84 f8 fe ff ff 49 c1 e5 06 

Register to memory mapping:

RAX=0x00007f8141000800 is a thread
RBX=0x00007fffe8273480: _ZN12_GLOBAL__N_1L12SideTableBufE+0 in /usr/lib/libobjc.A.dylib at 0x00007fffdeb15000
RCX=0x0000000000000000 is an unknown value
RDX=0x00007ffffffffff8 is an unknown value
RSP=0x00007fff590fc050 is pointing into the stack for thread: 0x00007f8141031800
RBP=0x00007fff590fc0d0 is pointing into the stack for thread: 0x00007f8141031800
RSI=0x00007f8141000800 is a thread
RDI=0x00007fffe8273480: _ZN12_GLOBAL__N_1L12SideTableBufE+0 in /usr/lib/libobjc.A.dylib at 0x00007fffdeb15000
R8 =0x00000000000000ff is an unknown value
R9 =0x00007f813f62d030 is an unknown value
R10=0x0000000000000010 is an unknown value
R11=0x00007f8140b59100 is an unknown value
R12=0x00007fffe8273b00: _ZN12_GLOBAL__N_1L12SideTableBufE+0x680 in /usr/lib/libobjc.A.dylib at 0x00007fffdeb15000
R13=0x0000000000000000 is an unknown value
R14=0x00007f813f7beaf0 is an unknown value
R15=0x0000000000000000 is an unknown value


Stack: [0x00007fff58902000,0x00007fff59102000],  sp=0x00007fff590fc050,  free space=8168k
Native frames: (J=compiled Java code, j=interpreted, Vv=VM code, C=native code)
C  [libobjc.A.dylib+0xbd08]  objc_storeWeak+0x16e
C  [Foundation+0x17acf]  -[NSConcreteMapTable setObject:forKey:]+0x6a
C  [AppKit+0x3226fb]  -[NSView(NSOpenGLContextAssociation) _setOpenGLContext:]+0x9b
C  [AppKit+0x6efc73]  __27-[NSOpenGLContext setView:]_block_invoke+0xef
C  [AppKit+0x179d48]  NSPerformVisuallyAtomicChange+0x93
C  [AppKit+0x322538]  -[NSOpenGLContext setView:]+0x69
C  [liblwjgl.jnilib+0x966e]  -[MacOSXOpenGLView lockFocus]+0x6e
C  [AppKit+0x19ce7b]  -[NSView _recursiveDisplayRectIfNeededIgnoringOpacity:isVisibleRect:rectIsVisibleRectForView:topView:]+0x6ee
C  [AppKit+0x19d6d1]  -[NSView _recursiveDisplayRectIfNeededIgnoringOpacity:isVisibleRect:rectIsVisibleRectForView:topView:]+0xf44
C  [AppKit+0x19c2af]  -[NSThemeFrame _recursiveDisplayRectIfNeededIgnoringOpacity:isVisibleRect:rectIsVisibleRectForView:topView:]+0x14e
C  [AppKit+0x19a6d8]  -[NSView _displayRectIgnoringOpacity:isVisibleRect:rectIsVisibleRectForView:]+0x994
C  [AppKit+0x195fca]  -[NSView displayIfNeeded]+0x6d4
C  [AppKit+0x1958db]  -[NSWindow displayIfNeeded]+0xe6
C  [AppKit+0x8f5cb4]  ___NSWindowGetDisplayCycleObserver_block_invoke.6228+0x115
C  [AppKit+0x1953b9]  __37+[NSDisplayCycle currentDisplayCycle]_block_invoke+0x1c6
C  [QuartzCore+0x11cc6]  _ZN2CA11Transaction19run_commit_handlersE18CATransactionPhase+0x2e
C  [QuartzCore+0x11b8ac]  _ZN2CA7Context18commit_transactionEPNS_11TransactionE+0xa0
C  [QuartzCore+0x107a1]  _ZN2CA11Transaction6commitEv+0x1db
C  [AppKit+0x4788b1]  __37+[NSDisplayCycle currentDisplayCycle]_block_invoke.31+0x143
C  [CoreFoundation+0xa6d37]  __CFRUNLOOP_IS_CALLING_OUT_TO_AN_OBSERVER_CALLBACK_FUNCTION__+0x17
C  [CoreFoundation+0xa6ca7]  __CFRunLoopDoObservers+0x187
C  [CoreFoundation+0x876d9]  __CFRunLoopRun+0x369
C  [CoreFoundation+0x87114]  CFRunLoopRunSpecific+0x1a4
C  [HIToolbox+0x30ebc]  RunCurrentEventLoopInMode+0xf0
C  [HIToolbox+0x30bf9]  ReceiveNextEventCommon+0xb8
C  [HIToolbox+0x30b26]  _BlockUntilNextEventMatchingListInModeWithFilter+0x47
C  [AppKit+0x46a54]  _DPSNextEvent+0x460
C  [AppKit+0x7c27ee]  -[NSApplication(NSEvent) _nextEventMatchingEventMask:untilDate:inMode:dequeue:]+0xaec
C  [libosxapp.dylib+0x23aa]  -[NSApplicationAWT nextEventMatchingMask:untilDate:inMode:dequeue:]+0x7c
C  [AppKit+0x3b3db]  -[NSApplication run]+0x39e
C  [libosxapp.dylib+0x214d]  +[NSApplicationAWT runAWTLoopWithApp:]+0x9c
C  [libawt_lwawt.dylib+0x47397]  -[AWTStarter starter:]+0x389
C  [Foundation+0x7152a]  __NSThreadPerformPerform+0x146
C  [CoreFoundation+0xa7321]  __CFRUNLOOP_IS_CALLING_OUT_TO_A_SOURCE0_PERFORM_FUNCTION__+0x11
C  [CoreFoundation+0x8821d]  __CFRunLoopDoSources0+0x22d
C  [CoreFoundation+0x87716]  __CFRunLoopRun+0x3a6
C  [CoreFoundation+0x87114]  CFRunLoopRunSpecific+0x1a4
C  [java+0x647a]  CreateExecutionEnvironment+0x367
C  [java+0x212c]  JLI_Launch+0x7a0
C  [java+0x84d7]  main+0x65
C  [java+0x1984]  start+0x34
C  0x0000000000000006


---------------  P R O C E S S  ---------------

Java Threads: ( => current thread )
  0x00007f814112b000 JavaThread "AWT-Shutdown" [_thread_blocked, id=26755, stack(0x00007000068cc000,0x00007000069cc000)]
  0x00007f813fb26800 JavaThread "Java2D Disposer" daemon [_thread_blocked, id=65547, stack(0x0000700007b8b000,0x0000700007c8b000)]
  0x00007f8140b77000 JavaThread "Java2D Queue Flusher" daemon [_thread_blocked, id=61371, stack(0x0000700007a88000,0x0000700007b88000)]
=>0x00007f8141031800 JavaThread "AppKit Thread" daemon [_thread_in_native, id=775, stack(0x00007fff58902000,0x00007fff59102000)]
  0x00007f8140805000 JavaThread "Service Thread" daemon [_thread_blocked, id=18691, stack(0x00007000075f6000,0x00007000076f6000)]
  0x00007f813f83f800 JavaThread "C1 CompilerThread2" daemon [_thread_blocked, id=18179, stack(0x00007000074f3000,0x00007000075f3000)]
  0x00007f813f83f000 JavaThread "C2 CompilerThread1" daemon [_thread_blocked, id=17667, stack(0x00007000073f0000,0x00007000074f0000)]
  0x00007f814082b800 JavaThread "C2 CompilerThread0" daemon [_thread_blocked, id=17155, stack(0x00007000072ed000,0x00007000073ed000)]
  0x00007f814000b800 JavaThread "Signal Dispatcher" daemon [_thread_blocked, id=16643, stack(0x00007000071ea000,0x00007000072ea000)]
  0x00007f8140829000 JavaThread "Finalizer" daemon [_thread_blocked, id=12547, stack(0x00007000070e7000,0x00007000071e7000)]
  0x00007f813f803800 JavaThread "Reference Handler" daemon [_thread_blocked, id=12035, stack(0x0000700006fe4000,0x00007000070e4000)]
  0x00007f8141000800 JavaThread "main" [_thread_in_native, id=7171, stack(0x00007000069d2000,0x0000700006ad2000)]

Other Threads:
  0x00007f814100f000 VMThread [stack: 0x0000700006ee1000,0x0000700006fe1000] [id=11523]
  0x00007f814082b000 WatcherThread [stack: 0x00007000076f9000,0x00007000077f9000] [id=19203]

VM state:not at safepoint (normal execution)

VM Mutex/Monitor currently owned by a thread: None

Heap:
 PSYoungGen      total 139776K, used 46666K [0x0000000795580000, 0x000000079e580000, 0x00000007c0000000)
  eden space 133120K, 31% used [0x0000000795580000,0x0000000797ea2180,0x000000079d780000)
  from space 6656K, 68% used [0x000000079df00000,0x000000079e370910,0x000000079e580000)
  to   space 7168K, 0% used [0x000000079d780000,0x000000079d780000,0x000000079de80000)
 ParOldGen       total 87552K, used 2276K [0x0000000740000000, 0x0000000745580000, 0x0000000795580000)
  object space 87552K, 2% used [0x0000000740000000,0x00000007402390e8,0x0000000745580000)
 Metaspace       used 10127K, capacity 10340K, committed 10624K, reserved 1058816K
  class space    used 1036K, capacity 1119K, committed 1152K, reserved 1048576K

Card table byte_map: [0x00000001087c0000,0x0000000108bc1000] byte_map_base: 0x0000000104dc0000

Marking Bits: (ParMarkBitMap*) 0x00000001074716c0
 Begin Bits: [0x0000000108e6c000, 0x000000010ae6c000)
 End Bits:   [0x000000010ae6c000, 0x000000010ce6c000)

Polling page: 0x0000000107b6b000

CodeCache: size=245760Kb used=5054Kb max_used=5054Kb free=240705Kb
 bounds [0x0000000112f31000, 0x0000000113431000, 0x0000000121f31000]
 total_blobs=1957 nmethods=1429 adapters=442
 compilation: enabled

Compilation events (10 events):
Event: 156.980 Thread 0x00007f813f83f800 1429       3       java.nio.Bits::putLong (21 bytes)
Event: 156.980 Thread 0x00007f813f83f800 nmethod 1429 0x0000000113422510 code [0x0000000113422680, 0x0000000113422878]
Event: 156.988 Thread 0x00007f813f83f800 1430  s    3       org.lwjgl.opengl.MacOSXNativeMouse::mouseMoved (135 bytes)
Event: 156.988 Thread 0x00007f813f83f800 nmethod 1430 0x000000011341e5d0 code [0x000000011341e7e0, 0x000000011341f0c8]
Event: 156.990 Thread 0x00007f813f83f800 1431       3       java.nio.HeapByteBuffer::getLong (19 bytes)
Event: 156.991 Thread 0x00007f813f83f800 nmethod 1431 0x0000000113421e50 code [0x0000000113422000, 0x00000001134223a8]
Event: 156.991 Thread 0x00007f813f83f800 1432       3       java.nio.Bits::getLong (18 bytes)
Event: 156.991 Thread 0x00007f813f83f800 nmethod 1432 0x000000011341e190 code [0x000000011341e300, 0x000000011341e4f8]
Event: 157.023 Thread 0x00007f813f83f800 1433   !   3       org.lwjgl.input.Mouse::isButtonDown (61 bytes)
Event: 157.023 Thread 0x00007f813f83f800 nmethod 1433 0x000000011341cd90 code [0x000000011341cf40, 0x000000011341d538]

GC Heap History (10 events):
Event: 154.486 GC heap before
{Heap before GC invocations=2 (full 0):
 PSYoungGen      total 38400K, used 38376K [0x0000000795580000, 0x0000000798000000, 0x00000007c0000000)
  eden space 33280K, 100% used [0x0000000795580000,0x0000000797600000,0x0000000797600000)
  from space 5120K, 99% used [0x0000000797600000,0x0000000797afa178,0x0000000797b00000)
  to   space 5120K, 0% used [0x0000000797b00000,0x0000000797b00000,0x0000000798000000)
 ParOldGen       total 87552K, used 2244K [0x0000000740000000, 0x0000000745580000, 0x0000000795580000)
  object space 87552K, 2% used [0x0000000740000000,0x00000007402310e8,0x0000000745580000)
 Metaspace       used 10101K, capacity 10340K, committed 10624K, reserved 1058816K
  class space    used 1035K, capacity 1119K, committed 1152K, reserved 1048576K
Event: 154.493 GC heap after
Heap after GC invocations=2 (full 0):
 PSYoungGen      total 38400K, used 4530K [0x0000000795580000, 0x0000000798000000, 0x00000007c0000000)
  eden space 33280K, 0% used [0x0000000795580000,0x0000000795580000,0x0000000797600000)
  from space 5120K, 88% used [0x0000000797b00000,0x0000000797f6c920,0x0000000798000000)
  to   space 5120K, 0% used [0x0000000797600000,0x0000000797600000,0x0000000797b00000)
 ParOldGen       total 87552K, used 2252K [0x0000000740000000, 0x0000000745580000, 0x0000000795580000)
  object space 87552K, 2% used [0x0000000740000000,0x00000007402330e8,0x0000000745580000)
 Metaspace       used 10101K, capacity 10340K, committed 10624K, reserved 1058816K
  class space    used 1035K, capacity 1119K, committed 1152K, reserved 1048576K
}
Event: 154.766 GC heap before
{Heap before GC invocations=3 (full 0):
 PSYoungGen      total 38400K, used 37810K [0x0000000795580000, 0x0000000798000000, 0x00000007c0000000)
  eden space 33280K, 100% used [0x0000000795580000,0x0000000797600000,0x0000000797600000)
  from space 5120K, 88% used [0x0000000797b00000,0x0000000797f6c920,0x0000000798000000)
  to   space 5120K, 0% used [0x0000000797600000,0x0000000797600000,0x0000000797b00000)
 ParOldGen       total 87552K, used 2252K [0x0000000740000000, 0x0000000745580000, 0x0000000795580000)
  object space 87552K, 2% used [0x0000000740000000,0x00000007402330e8,0x0000000745580000)
 Metaspace       used 10101K, capacity 10340K, committed 10624K, reserved 1058816K
  class space    used 1035K, capacity 1119K, committed 1152K, reserved 1048576K
Event: 154.770 GC heap after
Heap after GC invocations=3 (full 0):
 PSYoungGen      total 38400K, used 4546K [0x0000000795580000, 0x000000079a080000, 0x00000007c0000000)
  eden space 33280K, 0% used [0x0000000795580000,0x0000000795580000,0x0000000797600000)
  from space 5120K, 88% used [0x0000000797600000,0x0000000797a70910,0x0000000797b00000)
  to   space 5120K, 0% used [0x0000000799b80000,0x0000000799b80000,0x000000079a080000)
 ParOldGen       total 87552K, used 2260K [0x0000000740000000, 0x0000000745580000, 0x0000000795580000)
  object space 87552K, 2% used [0x0000000740000000,0x00000007402350e8,0x0000000745580000)
 Metaspace       used 10101K, capacity 10340K, committed 10624K, reserved 1058816K
  class space    used 1035K, capacity 1119K, committed 1152K, reserved 1048576K
}
Event: 154.891 GC heap before
{Heap before GC invocations=4 (full 0):
 PSYoungGen      total 38400K, used 37826K [0x0000000795580000, 0x000000079a080000, 0x00000007c0000000)
  eden space 33280K, 100% used [0x0000000795580000,0x0000000797600000,0x0000000797600000)
  from space 5120K, 88% used [0x0000000797600000,0x0000000797a70910,0x0000000797b00000)
  to   space 5120K, 0% used [0x0000000799b80000,0x0000000799b80000,0x000000079a080000)
 ParOldGen       total 87552K, used 2260K [0x0000000740000000, 0x0000000745580000, 0x0000000795580000)
  object space 87552K, 2% used [0x0000000740000000,0x00000007402350e8,0x0000000745580000)
 Metaspace       used 10102K, capacity 10340K, committed 10624K, reserved 1058816K
  class space    used 1035K, capacity 1119K, committed 1152K, reserved 1048576K
Event: 154.897 GC heap after
Heap after GC invocations=4 (full 0):
 PSYoungGen      total 71680K, used 4530K [0x0000000795580000, 0x000000079a080000, 0x00000007c0000000)
  eden space 66560K, 0% used [0x0000000795580000,0x0000000795580000,0x0000000799680000)
  from space 5120K, 88% used [0x0000000799b80000,0x0000000799fec920,0x000000079a080000)
  to   space 5120K, 0% used [0x0000000799680000,0x0000000799680000,0x0000000799b80000)
 ParOldGen       total 87552K, used 2260K [0x0000000740000000, 0x0000000745580000, 0x0000000795580000)
  object space 87552K, 2% used [0x0000000740000000,0x00000007402350e8,0x0000000745580000)
 Metaspace       used 10102K, capacity 10340K, committed 10624K, reserved 1058816K
  class space    used 1035K, capacity 1119K, committed 1152K, reserved 1048576K
}
Event: 155.133 GC heap before
{Heap before GC invocations=5 (full 0):
 PSYoungGen      total 71680K, used 71090K [0x0000000795580000, 0x000000079a080000, 0x00000007c0000000)
  eden space 66560K, 100% used [0x0000000795580000,0x0000000799680000,0x0000000799680000)
  from space 5120K, 88% used [0x0000000799b80000,0x0000000799fec920,0x000000079a080000)
  to   space 5120K, 0% used [0x0000000799680000,0x0000000799680000,0x0000000799b80000)
 ParOldGen       total 87552K, used 2260K [0x0000000740000000, 0x0000000745580000, 0x0000000795580000)
  object space 87552K, 2% used [0x0000000740000000,0x00000007402350e8,0x0000000745580000)
 Metaspace       used 10110K, capacity 10340K, committed 10624K, reserved 1058816K
  class space    used 1035K, capacity 1119K, committed 1152K, reserved 1048576K
Event: 155.139 GC heap after
Heap after GC invocations=5 (full 0):
 PSYoungGen      total 71680K, used 4546K [0x0000000795580000, 0x000000079e680000, 0x00000007c0000000)
  eden space 66560K, 0% used [0x0000000795580000,0x0000000795580000,0x0000000799680000)
  from space 5120K, 88% used [0x0000000799680000,0x0000000799af0910,0x0000000799b80000)
  to   space 7680K, 0% used [0x000000079df00000,0x000000079df00000,0x000000079e680000)
 ParOldGen       total 87552K, used 2268K [0x0000000740000000, 0x0000000745580000, 0x0000000795580000)
  object space 87552K, 2% used [0x0000000740000000,0x00000007402370e8,0x0000000745580000)
 Metaspace       used 10110K, capacity 10340K, committed 10624K, reserved 1058816K
  class space    used 1035K, capacity 1119K, committed 1152K, reserved 1048576K
}
Event: 156.440 GC heap before
{Heap before GC invocations=6 (full 0):
 PSYoungGen      total 71680K, used 71106K [0x0000000795580000, 0x000000079e680000, 0x00000007c0000000)
  eden space 66560K, 100% used [0x0000000795580000,0x0000000799680000,0x0000000799680000)
  from space 5120K, 88% used [0x0000000799680000,0x0000000799af0910,0x0000000799b80000)
  to   space 7680K, 0% used [0x000000079df00000,0x000000079df00000,0x000000079e680000)
 ParOldGen       total 87552K, used 2268K [0x0000000740000000, 0x0000000745580000, 0x0000000795580000)
  object space 87552K, 2% used [0x0000000740000000,0x00000007402370e8,0x0000000745580000)
 Metaspace       used 10113K, capacity 10340K, committed 10624K, reserved 1058816K
  class space    used 1035K, capacity 1119K, committed 1152K, reserved 1048576K
Event: 156.448 GC heap after
Heap after GC invocations=6 (full 0):
 PSYoungGen      total 139776K, used 4546K [0x0000000795580000, 0x000000079e580000, 0x00000007c0000000)
  eden space 133120K, 0% used [0x0000000795580000,0x0000000795580000,0x000000079d780000)
  from space 6656K, 68% used [0x000000079df00000,0x000000079e370910,0x000000079e580000)
  to   space 7168K, 0% used [0x000000079d780000,0x000000079d780000,0x000000079de80000)
 ParOldGen       total 87552K, used 2276K [0x0000000740000000, 0x0000000745580000, 0x0000000795580000)
  object space 87552K, 2% used [0x0000000740000000,0x00000007402390e8,0x0000000745580000)
 Metaspace       used 10113K, capacity 10340K, committed 10624K, reserved 1058816K
  class space    used 1035K, capacity 1119K, committed 1152K, reserved 1048576K
}

Deoptimization events (10 events):
Event: 0.563 Thread 0x00007f8141000800 Uncommon trap: reason=unstable_if action=reinterpret pc=0x00000001130d7948 method=java.lang.String.indexOf([CII[CIII)I @ 134
Event: 3.491 Thread 0x00007f8141000800 Uncommon trap: reason=unstable_if action=reinterpret pc=0x00000001131bbe60 method=java.lang.CharacterData.of(I)Ljava/lang/CharacterData; @ 4
Event: 150.826 Thread 0x00007f813fa6a000 Uncommon trap: reason=unstable_if action=reinterpret pc=0x0000000113213864 method=java.lang.AbstractStringBuilder.append(Ljava/lang/String;)Ljava/lang/AbstractStringBuilder; @ 1
Event: 151.831 Thread 0x00007f813fbea000 Uncommon trap: reason=unstable_if action=reinterpret pc=0x00000001133061f8 method=java.util.HashMap.keySet()Ljava/util/Set; @ 6
Event: 151.831 Thread 0x00007f813fbea000 Uncommon trap: reason=unstable_if action=reinterpret pc=0x0000000113304d48 method=java.util.HashMap$HashIterator.<init>(Ljava/util/HashMap;)V @ 38
Event: 153.824 Thread 0x00007f8141000800 Uncommon trap: reason=unstable_if action=reinterpret pc=0x0000000113319198 method=org.lwjgl.opengl.MacOSXDisplay.update()V @ 86
Event: 153.866 Thread 0x00007f8141000800 Uncommon trap: reason=unstable_if action=reinterpret pc=0x000000011330f814 method=org.newdawn.slick.Input.poll(II)V @ 41
Event: 153.867 Thread 0x00007f8141000800 Uncommon trap: reason=unstable_if action=reinterpret pc=0x0000000113309fd4 method=org.newdawn.slick.GameContainer.updateAndRender(I)V @ 236
Event: 154.181 Thread 0x00007f8141000800 Uncommon trap: reason=unstable_if action=reinterpret pc=0x00000001133156e8 method=org.lwjgl.opengl.MacOSXDisplay.update()V @ 86
Event: 157.255 Thread 0x00007f8141000800 Uncommon trap: reason=unstable_if action=reinterpret pc=0x000000011330bc20 method=org.newdawn.slick.AppGameContainer.gameLoop()V @ 60

Classes redefined (0 events):
No events

Internal exceptions (10 events):
Event: 0.204 Thread 0x00007f8141000800 Exception <a 'java/security/PrivilegedActionException'> (0x000000079581c828) thrown at [/Users/java_re/workspace/8-2-build-macosx-x86_64/jdk8u152/9742/hotspot/src/share/vm/prims/jvm.cpp, line 1390]
Event: 0.260 Thread 0x00007f8141000800 Exception <a 'java/lang/NoSuchFieldError': method resolution failed> (0x00000007958e9a18) thrown at [/Users/java_re/workspace/8-2-build-macosx-x86_64/jdk8u152/9742/hotspot/src/share/vm/prims/methodHandles.cpp, line 1167]
Event: 0.261 Thread 0x00007f8141000800 Exception <a 'java/lang/NoSuchFieldError': method resolution failed> (0x00000007958f7168) thrown at [/Users/java_re/workspace/8-2-build-macosx-x86_64/jdk8u152/9742/hotspot/src/share/vm/prims/methodHandles.cpp, line 1167]
Event: 0.507 Thread 0x00007f8141000800 Exception <a 'java/io/FileNotFoundException'> (0x0000000795971ff0) thrown at [/Users/java_re/workspace/8-2-build-macosx-x86_64/jdk8u152/9742/hotspot/src/share/vm/prims/jni.cpp, line 709]
Event: 0.507 Thread 0x00007f8141000800 Exception <a 'java/io/FileNotFoundException'> (0x0000000795972b58) thrown at [/Users/java_re/workspace/8-2-build-macosx-x86_64/jdk8u152/9742/hotspot/src/share/vm/prims/jni.cpp, line 709]
Event: 0.523 Thread 0x00007f8141000800 Exception <a 'java/lang/UnsatisfiedLinkError'> (0x0000000795981428) thrown at [/Users/java_re/workspace/8-2-build-macosx-x86_64/jdk8u152/9742/hotspot/src/share/vm/prims/jvm.cpp, line 1394]
Event: 150.822 Thread 0x00007f8141000800 Exception <a 'sun/net/ConnectionResetException': Connection reset> (0x00000007967eed78) thrown at [/Users/java_re/workspace/8-2-build-macosx-x86_64/jdk8u152/9742/hotspot/src/share/vm/prims/jni.cpp, line 735]
Event: 150.826 Thread 0x00007f813fa6a000 Implicit null exception at 0x0000000113213473 to 0x0000000113213851
Event: 150.826 Thread 0x00007f813fa6a000 Exception <a 'java/lang/NullPointerException'> (0x00000007968c80b8) thrown at [/Users/java_re/workspace/8-2-build-macosx-x86_64/jdk8u152/9742/hotspot/src/share/vm/interpreter/linkResolver.cpp, line 1185]
Event: 151.831 Thread 0x00007f813fbea000 Implicit null exception at 0x0000000113304a9f to 0x0000000113304d2d

Events (10 events):
Event: 155.055 Thread 0x00007f8141000800 DEOPT UNPACKING pc=0x0000000112f78633 sp=0x0000700006ad12b8 mode 0
Event: 155.133 Executing VM operation: ParallelGCFailedAllocation
Event: 155.139 Executing VM operation: ParallelGCFailedAllocation done
Event: 156.440 Executing VM operation: ParallelGCFailedAllocation
Event: 156.448 Executing VM operation: ParallelGCFailedAllocation done
Event: 157.255 Thread 0x00007f8141000800 Uncommon trap: trap_request=0xffffff65 fr.pc=0x000000011330bc20
Event: 157.255 Thread 0x00007f8141000800 DEOPT PACKING pc=0x000000011330bc20 sp=0x0000700006ad1840
Event: 157.255 Thread 0x00007f8141000800 DEOPT UNPACKING pc=0x0000000112f36229 sp=0x0000700006ad1808 mode 2
Event: 157.275 loading class org/lwjgl/opengl/CallbackUtil
Event: 157.275 loading class org/lwjgl/opengl/CallbackUtil done


Dynamic libraries:
0x000000005486e000 	/System/Library/Frameworks/Cocoa.framework/Versions/A/Cocoa
0x000000005486e000 	/System/Library/Frameworks/Security.framework/Versions/A/Security
0x000000005486e000 	/System/Library/Frameworks/ApplicationServices.framework/Versions/A/ApplicationServices
0x000000005486e000 	/usr/lib/libz.1.dylib
0x000000005486e000 	/usr/lib/libSystem.B.dylib
0x000000005486e000 	/usr/lib/libobjc.A.dylib
0x000000005486e000 	/System/Library/Frameworks/CoreFoundation.framework/Versions/A/CoreFoundation
0x000000005486e000 	/System/Library/Frameworks/Foundation.framework/Versions/C/Foundation
0x000000005486e000 	/System/Library/Frameworks/AppKit.framework/Versions/C/AppKit
0x000000005486e000 	/System/Library/Frameworks/CoreData.framework/Versions/A/CoreData
0x000000005486e000 	/System/Library/PrivateFrameworks/RemoteViewServices.framework/Versions/A/RemoteViewServices
0x000000005486e000 	/System/Library/PrivateFrameworks/UIFoundation.framework/Versions/A/UIFoundation
0x000000005486e000 	/System/Library/PrivateFrameworks/DFRFoundation.framework/Versions/A/DFRFoundation
0x000000005486e000 	/usr/lib/libenergytrace.dylib
0x000000005486e000 	/System/Library/PrivateFrameworks/SkyLight.framework/Versions/A/SkyLight
0x000000005486e000 	/System/Library/Frameworks/CoreGraphics.framework/Versions/A/CoreGraphics
0x000000005486e000 	/usr/lib/libScreenReader.dylib
0x000000005486e000 	/System/Library/Frameworks/Accelerate.framework/Versions/A/Accelerate
0x000000005486e000 	/System/Library/Frameworks/IOSurface.framework/Versions/A/IOSurface
0x000000005486e000 	/System/Library/Frameworks/AudioToolbox.framework/Versions/A/AudioToolbox
0x000000005486e000 	/System/Library/Frameworks/AudioUnit.framework/Versions/A/AudioUnit
0x000000005486e000 	/System/Library/PrivateFrameworks/DataDetectorsCore.framework/Versions/A/DataDetectorsCore
0x000000005486e000 	/System/Library/PrivateFrameworks/DesktopServicesPriv.framework/Versions/A/DesktopServicesPriv
0x000000005486e000 	/System/Library/Frameworks/Carbon.framework/Versions/A/Frameworks/HIToolbox.framework/Versions/A/HIToolbox
0x000000005486e000 	/usr/lib/libicucore.A.dylib
0x000000005486e000 	/System/Library/Frameworks/QuartzCore.framework/Versions/A/QuartzCore
0x000000005486e000 	/System/Library/Frameworks/Carbon.framework/Versions/A/Frameworks/SpeechRecognition.framework/Versions/A/SpeechRecognition
0x000000005486e000 	/usr/lib/libauto.dylib
0x000000005486e000 	/usr/lib/libxml2.2.dylib
0x000000005486e000 	/System/Library/PrivateFrameworks/CoreUI.framework/Versions/A/CoreUI
0x000000005486e000 	/System/Library/Frameworks/CoreAudio.framework/Versions/A/CoreAudio
0x000000005486e000 	/System/Library/Frameworks/DiskArbitration.framework/Versions/A/DiskArbitration
0x000000005486e000 	/usr/lib/liblangid.dylib
0x000000005486e000 	/System/Library/PrivateFrameworks/MultitouchSupport.framework/Versions/A/MultitouchSupport
0x000000005486e000 	/System/Library/Frameworks/IOKit.framework/Versions/A/IOKit
0x000000005486e000 	/usr/lib/libDiagnosticMessagesClient.dylib
0x000000005486e000 	/System/Library/Frameworks/CoreServices.framework/Versions/A/CoreServices
0x000000005486e000 	/System/Library/PrivateFrameworks/PerformanceAnalysis.framework/Versions/A/PerformanceAnalysis
0x000000005486e000 	/System/Library/PrivateFrameworks/GenerationalStorage.framework/Versions/A/GenerationalStorage
0x000000005486e000 	/System/Library/Frameworks/OpenGL.framework/Versions/A/OpenGL
0x000000005486e000 	/System/Library/Frameworks/CoreImage.framework/Versions/A/CoreImage
0x000000005486e000 	/System/Library/Frameworks/CoreText.framework/Versions/A/CoreText
0x000000005486e000 	/System/Library/Frameworks/ImageIO.framework/Versions/A/ImageIO
0x000000005486e000 	/System/Library/PrivateFrameworks/Backup.framework/Versions/A/Backup
0x000000005486e000 	/usr/lib/libarchive.2.dylib
0x000000005486e000 	/System/Library/Frameworks/CFNetwork.framework/Versions/A/CFNetwork
0x000000005486e000 	/System/Library/Frameworks/SystemConfiguration.framework/Versions/A/SystemConfiguration
0x000000005486e000 	/usr/lib/libCRFSuite.dylib
0x000000005486e000 	/usr/lib/libc++.1.dylib
0x000000005486e000 	/usr/lib/libc++abi.dylib
0x000000005486e000 	/usr/lib/system/libcache.dylib
0x000000005486e000 	/usr/lib/system/libcommonCrypto.dylib
0x000000005486e000 	/usr/lib/system/libcompiler_rt.dylib
0x000000005486e000 	/usr/lib/system/libcopyfile.dylib
0x000000005486e000 	/usr/lib/system/libcorecrypto.dylib
0x000000005486e000 	/usr/lib/system/libdispatch.dylib
0x000000005486e000 	/usr/lib/system/libdyld.dylib
0x000000005486e000 	/usr/lib/system/libkeymgr.dylib
0x000000005486e000 	/usr/lib/system/liblaunch.dylib
0x000000005486e000 	/usr/lib/system/libmacho.dylib
0x000000005486e000 	/usr/lib/system/libquarantine.dylib
0x000000005486e000 	/usr/lib/system/libremovefile.dylib
0x000000005486e000 	/usr/lib/system/libsystem_asl.dylib
0x000000005486e000 	/usr/lib/system/libsystem_blocks.dylib
0x000000005486e000 	/usr/lib/system/libsystem_c.dylib
0x000000005486e000 	/usr/lib/system/libsystem_configuration.dylib
0x000000005486e000 	/usr/lib/system/libsystem_coreservices.dylib
0x000000005486e000 	/usr/lib/system/libsystem_coretls.dylib
0x000000005486e000 	/usr/lib/system/libsystem_dnssd.dylib
0x000000005486e000 	/usr/lib/system/libsystem_info.dylib
0x000000005486e000 	/usr/lib/system/libsystem_kernel.dylib
0x000000005486e000 	/usr/lib/system/libsystem_m.dylib
0x000000005486e000 	/usr/lib/system/libsystem_malloc.dylib
0x000000005486e000 	/usr/lib/system/libsystem_network.dylib
0x000000005486e000 	/usr/lib/system/libsystem_networkextension.dylib
0x000000005486e000 	/usr/lib/system/libsystem_notify.dylib
0x000000005486e000 	/usr/lib/system/libsystem_platform.dylib
0x000000005486e000 	/usr/lib/system/libsystem_pthread.dylib
0x000000005486e000 	/usr/lib/system/libsystem_sandbox.dylib
0x000000005486e000 	/usr/lib/system/libsystem_secinit.dylib
0x000000005486e000 	/usr/lib/system/libsystem_symptoms.dylib
0x000000005486e000 	/usr/lib/system/libsystem_trace.dylib
0x000000005486e000 	/usr/lib/system/libunwind.dylib
0x000000005486e000 	/usr/lib/system/libxpc.dylib
0x000000005486e000 	/usr/lib/libbsm.0.dylib
0x000000005486e000 	/usr/lib/system/libkxld.dylib
0x000000005486e000 	/usr/lib/libcoretls.dylib
0x000000005486e000 	/usr/lib/libcoretls_cfhelpers.dylib
0x000000005486e000 	/usr/lib/libOpenScriptingUtil.dylib
0x000000005486e000 	/usr/lib/libpam.2.dylib
0x000000005486e000 	/usr/lib/libsqlite3.dylib
0x000000005486e000 	/usr/lib/libxar.1.dylib
0x000000005486e000 	/usr/lib/libbz2.1.0.dylib
0x000000005486e000 	/usr/lib/liblzma.5.dylib
0x000000005486e000 	/usr/lib/libnetwork.dylib
0x000000005486e000 	/usr/lib/libpcap.A.dylib
0x000000005486e000 	/System/Library/Frameworks/CoreServices.framework/Versions/A/Frameworks/FSEvents.framework/Versions/A/FSEvents
0x000000005486e000 	/System/Library/Frameworks/CoreServices.framework/Versions/A/Frameworks/CarbonCore.framework/Versions/A/CarbonCore
0x000000005486e000 	/System/Library/Frameworks/CoreServices.framework/Versions/A/Frameworks/Metadata.framework/Versions/A/Metadata
0x000000005486e000 	/System/Library/Frameworks/CoreServices.framework/Versions/A/Frameworks/OSServices.framework/Versions/A/OSServices
0x000000005486e000 	/System/Library/Frameworks/CoreServices.framework/Versions/A/Frameworks/SearchKit.framework/Versions/A/SearchKit
0x000000005486e000 	/System/Library/Frameworks/CoreServices.framework/Versions/A/Frameworks/AE.framework/Versions/A/AE
0x000000005486e000 	/System/Library/Frameworks/CoreServices.framework/Versions/A/Frameworks/LaunchServices.framework/Versions/A/LaunchServices
0x000000005486e000 	/System/Library/Frameworks/CoreServices.framework/Versions/A/Frameworks/DictionaryServices.framework/Versions/A/DictionaryServices
0x000000005486e000 	/System/Library/Frameworks/CoreServices.framework/Versions/A/Frameworks/SharedFileList.framework/Versions/A/SharedFileList
0x000000005486e000 	/System/Library/Frameworks/NetFS.framework/Versions/A/NetFS
0x000000005486e000 	/System/Library/PrivateFrameworks/NetAuth.framework/Versions/A/NetAuth
0x000000005486e000 	/System/Library/PrivateFrameworks/login.framework/Versions/A/Frameworks/loginsupport.framework/Versions/A/loginsupport
0x000000005486e000 	/System/Library/PrivateFrameworks/TCC.framework/Versions/A/TCC
0x000000005486e000 	/usr/lib/libmecabra.dylib
0x000000005486e000 	/System/Library/Frameworks/ApplicationServices.framework/Versions/A/Frameworks/ATS.framework/Versions/A/ATS
0x000000005486e000 	/System/Library/Frameworks/ApplicationServices.framework/Versions/A/Frameworks/ColorSync.framework/Versions/A/ColorSync
0x000000005486e000 	/System/Library/Frameworks/ApplicationServices.framework/Versions/A/Frameworks/HIServices.framework/Versions/A/HIServices
0x000000005486e000 	/System/Library/Frameworks/ApplicationServices.framework/Versions/A/Frameworks/LangAnalysis.framework/Versions/A/LangAnalysis
0x000000005486e000 	/System/Library/Frameworks/ApplicationServices.framework/Versions/A/Frameworks/PrintCore.framework/Versions/A/PrintCore
0x000000005486e000 	/System/Library/Frameworks/ApplicationServices.framework/Versions/A/Frameworks/QD.framework/Versions/A/QD
0x000000005486e000 	/System/Library/Frameworks/ApplicationServices.framework/Versions/A/Frameworks/SpeechSynthesis.framework/Versions/A/SpeechSynthesis
0x000000005486e000 	/System/Library/Frameworks/Accelerate.framework/Versions/A/Frameworks/vImage.framework/Versions/A/vImage
0x000000005486e000 	/System/Library/Frameworks/Accelerate.framework/Versions/A/Frameworks/vecLib.framework/Versions/A/vecLib
0x000000005486e000 	/System/Library/Frameworks/Accelerate.framework/Versions/A/Frameworks/vecLib.framework/Versions/A/libvDSP.dylib
0x000000005486e000 	/System/Library/Frameworks/Accelerate.framework/Versions/A/Frameworks/vecLib.framework/Versions/A/libBNNS.dylib
0x000000005486e000 	/System/Library/Frameworks/Accelerate.framework/Versions/A/Frameworks/vecLib.framework/Versions/A/libQuadrature.dylib
0x000000005486e000 	/System/Library/Frameworks/Accelerate.framework/Versions/A/Frameworks/vecLib.framework/Versions/A/libvMisc.dylib
0x000000005486e000 	/System/Library/Frameworks/Accelerate.framework/Versions/A/Frameworks/vecLib.framework/Versions/A/libLAPACK.dylib
0x000000005486e000 	/System/Library/Frameworks/Accelerate.framework/Versions/A/Frameworks/vecLib.framework/Versions/A/libBLAS.dylib
0x000000005486e000 	/System/Library/Frameworks/Accelerate.framework/Versions/A/Frameworks/vecLib.framework/Versions/A/libLinearAlgebra.dylib
0x000000005486e000 	/System/Library/Frameworks/Accelerate.framework/Versions/A/Frameworks/vecLib.framework/Versions/A/libSparseBLAS.dylib
0x000000005486e000 	/System/Library/Frameworks/ApplicationServices.framework/Versions/A/Frameworks/ATS.framework/Versions/A/Resources/libFontParser.dylib
0x000000005486e000 	/System/Library/Frameworks/ApplicationServices.framework/Versions/A/Frameworks/ATS.framework/Versions/A/Resources/libFontRegistry.dylib
0x000000005486e000 	/System/Library/Frameworks/ImageIO.framework/Versions/A/Resources/libJPEG.dylib
0x000000005486e000 	/System/Library/Frameworks/ImageIO.framework/Versions/A/Resources/libTIFF.dylib
0x000000005486e000 	/System/Library/Frameworks/ImageIO.framework/Versions/A/Resources/libPng.dylib
0x000000005486e000 	/System/Library/Frameworks/ImageIO.framework/Versions/A/Resources/libGIF.dylib
0x000000005486e000 	/System/Library/Frameworks/ImageIO.framework/Versions/A/Resources/libJP2.dylib
0x000000005486e000 	/System/Library/Frameworks/ImageIO.framework/Versions/A/Resources/libRadiance.dylib
0x000000005486e000 	/usr/lib/libcompression.dylib
0x000000005486e000 	/System/Library/PrivateFrameworks/AppleJPEG.framework/Versions/A/AppleJPEG
0x000000005486e000 	/usr/lib/libcups.2.dylib
0x000000005486e000 	/System/Library/Frameworks/Kerberos.framework/Versions/A/Kerberos
0x000000005486e000 	/System/Library/Frameworks/GSS.framework/Versions/A/GSS
0x000000005486e000 	/usr/lib/libresolv.9.dylib
0x000000005486e000 	/usr/lib/libiconv.2.dylib
0x000000005486e000 	/System/Library/PrivateFrameworks/Heimdal.framework/Versions/A/Heimdal
0x000000005486e000 	/usr/lib/libheimdal-asn1.dylib
0x000000005486e000 	/System/Library/Frameworks/OpenDirectory.framework/Versions/A/OpenDirectory
0x000000005486e000 	/System/Library/PrivateFrameworks/CommonAuth.framework/Versions/A/CommonAuth
0x000000005486e000 	/System/Library/Frameworks/OpenDirectory.framework/Versions/A/Frameworks/CFOpenDirectory.framework/Versions/A/CFOpenDirectory
0x000000005486e000 	/System/Library/Frameworks/SecurityFoundation.framework/Versions/A/SecurityFoundation
0x000000005486e000 	/System/Library/PrivateFrameworks/LanguageModeling.framework/Versions/A/LanguageModeling
0x000000005486e000 	/usr/lib/libmarisa.dylib
0x000000005486e000 	/usr/lib/libChineseTokenizer.dylib
0x000000005486e000 	/usr/lib/libcmph.dylib
0x000000005486e000 	/System/Library/PrivateFrameworks/CoreEmoji.framework/Versions/A/CoreEmoji
0x000000005486e000 	/System/Library/Frameworks/ServiceManagement.framework/Versions/A/ServiceManagement
0x000000005486e000 	/usr/lib/libxslt.1.dylib
0x000000005486e000 	/System/Library/Frameworks/Carbon.framework/Versions/A/Frameworks/Ink.framework/Versions/A/Ink
0x000000005486e000 	/System/Library/PrivateFrameworks/TextureIO.framework/Versions/A/TextureIO
0x000000005486e000 	/System/Library/Frameworks/Metal.framework/Versions/A/Metal
0x000000005486e000 	/usr/lib/libate.dylib
0x000000005486e000 	/System/Library/PrivateFrameworks/GPUCompiler.framework/libmetal_timestamp.dylib
0x000000005486e000 	/System/Library/Frameworks/OpenGL.framework/Versions/A/Libraries/libCoreFSCache.dylib
0x000000005486e000 	/System/Library/PrivateFrameworks/IOAccelerator.framework/Versions/A/IOAccelerator
0x000000005486e000 	/System/Library/Frameworks/CoreVideo.framework/Versions/A/CoreVideo
0x000000005486e000 	/usr/lib/libFosl_dynamic.dylib
0x000000005486e000 	/System/Library/PrivateFrameworks/MetalPerformanceShaders.framework/Versions/A/MetalPerformanceShaders
0x000000005486e000 	/System/Library/PrivateFrameworks/FaceCore.framework/Versions/A/FaceCore
0x000000005486e000 	/System/Library/Frameworks/OpenCL.framework/Versions/A/OpenCL
0x000000005486e000 	/System/Library/Frameworks/OpenGL.framework/Versions/A/Libraries/libGLU.dylib
0x000000005486e000 	/System/Library/Frameworks/OpenGL.framework/Versions/A/Libraries/libGFXShared.dylib
0x000000005486e000 	/System/Library/Frameworks/OpenGL.framework/Versions/A/Libraries/libGL.dylib
0x000000005486e000 	/System/Library/Frameworks/OpenGL.framework/Versions/A/Libraries/libGLImage.dylib
0x000000005486e000 	/System/Library/Frameworks/OpenGL.framework/Versions/A/Libraries/libCVMSPluginSupport.dylib
0x000000005486e000 	/System/Library/Frameworks/OpenGL.framework/Versions/A/Libraries/libCoreVMClient.dylib
0x000000005486e000 	/System/Library/PrivateFrameworks/CrashReporterSupport.framework/Versions/A/CrashReporterSupport
0x000000005486e000 	/System/Library/PrivateFrameworks/Sharing.framework/Versions/A/Sharing
0x000000005486e000 	/System/Library/PrivateFrameworks/IconServices.framework/Versions/A/IconServices
0x000000005486e000 	/System/Library/PrivateFrameworks/ProtocolBuffer.framework/Versions/A/ProtocolBuffer
0x000000005486e000 	/System/Library/PrivateFrameworks/Apple80211.framework/Versions/A/Apple80211
0x000000005486e000 	/System/Library/Frameworks/CoreWLAN.framework/Versions/A/CoreWLAN
0x000000005486e000 	/System/Library/PrivateFrameworks/CoreUtils.framework/Versions/A/CoreUtils
0x000000005486e000 	/System/Library/Frameworks/IOBluetooth.framework/Versions/A/IOBluetooth
0x000000005486e000 	/System/Library/PrivateFrameworks/CoreWiFi.framework/Versions/A/CoreWiFi
0x000000005486e000 	/System/Library/Frameworks/CoreBluetooth.framework/Versions/A/CoreBluetooth
0x000000005486e000 	/System/Library/Frameworks/CoreDisplay.framework/Versions/A/CoreDisplay
0x000000005486e000 	/System/Library/PrivateFrameworks/IOPresentment.framework/Versions/A/IOPresentment
0x000000005486e000 	/System/Library/PrivateFrameworks/DSExternalDisplay.framework/Versions/A/DSExternalDisplay
0x000000005486e000 	/System/Library/PrivateFrameworks/DebugSymbols.framework/Versions/A/DebugSymbols
0x000000005486e000 	/System/Library/PrivateFrameworks/CoreSymbolication.framework/Versions/A/CoreSymbolication
0x000000005486e000 	/System/Library/PrivateFrameworks/Symbolication.framework/Versions/A/Symbolication
0x000000005486e000 	/System/Library/PrivateFrameworks/AppleFSCompression.framework/Versions/A/AppleFSCompression
0x000000005486e000 	/System/Library/PrivateFrameworks/SpeechRecognitionCore.framework/Versions/A/SpeechRecognitionCore
0x000000005486e000 	/System/Library/PrivateFrameworks/ChunkingLibrary.framework/Versions/A/ChunkingLibrary
0x0000000106b7b000 	/Library/Java/JavaVirtualMachines/jdk1.8.0_152.jdk/Contents/Home/jre/lib/server/libjvm.dylib
0x000000005486e000 	/usr/lib/libstdc++.6.dylib
0x0000000107b27000 	/Library/Java/JavaVirtualMachines/jdk1.8.0_152.jdk/Contents/Home/jre/lib/libverify.dylib
0x0000000107b35000 	/Library/Java/JavaVirtualMachines/jdk1.8.0_152.jdk/Contents/Home/jre/lib/libjava.dylib
0x0000000107b75000 	/Library/Java/JavaVirtualMachines/jdk1.8.0_152.jdk/Contents/Home/jre/lib/libzip.dylib
0x00000001106c0000 	/Library/Java/JavaVirtualMachines/jdk1.8.0_152.jdk/Contents/Home/jre/lib/libawt.dylib
0x000000011076a000 	/Library/Java/JavaVirtualMachines/jdk1.8.0_152.jdk/Contents/Home/jre/lib/./libmlib_image.dylib
0x0000000110836000 	/System/Library/Frameworks/JavaVM.framework/Versions/A/Frameworks/JavaNativeFoundation.framework/Versions/A/JavaNativeFoundation
0x000000011084b000 	/System/Library/Frameworks/JavaVM.framework/Versions/A/Frameworks/JavaRuntimeSupport.framework/Versions/A/JavaRuntimeSupport
0x0000000110865000 	/System/Library/Frameworks/JavaVM.framework/Versions/A/JavaVM
0x0000000110872000 	/System/Library/PrivateFrameworks/JavaLaunching.framework/Versions/A/JavaLaunching
0x000000005486e000 	/System/Library/Frameworks/Carbon.framework/Versions/A/Carbon
0x000000005486e000 	/System/Library/Frameworks/Carbon.framework/Versions/A/Frameworks/CommonPanels.framework/Versions/A/CommonPanels
0x000000005486e000 	/System/Library/Frameworks/Carbon.framework/Versions/A/Frameworks/Help.framework/Versions/A/Help
0x000000005486e000 	/System/Library/Frameworks/Carbon.framework/Versions/A/Frameworks/ImageCapture.framework/Versions/A/ImageCapture
0x000000005486e000 	/System/Library/Frameworks/Carbon.framework/Versions/A/Frameworks/OpenScripting.framework/Versions/A/OpenScripting
0x000000005486e000 	/System/Library/Frameworks/Carbon.framework/Versions/A/Frameworks/Print.framework/Versions/A/Print
0x000000005486e000 	/System/Library/Frameworks/Carbon.framework/Versions/A/Frameworks/SecurityHI.framework/Versions/A/SecurityHI
0x000000011087e000 	/Library/Java/JavaVirtualMachines/jdk1.8.0_152.jdk/Contents/Home/jre/lib/libawt_lwawt.dylib
0x0000000110938000 	/Library/Java/JavaVirtualMachines/jdk1.8.0_152.jdk/Contents/Home/jre/lib/./libosxapp.dylib
0x000000005486e000 	/System/Library/Frameworks/ExceptionHandling.framework/Versions/A/ExceptionHandling
0x000000005486e000 	/System/Library/PrivateFrameworks/CoreServicesInternal.framework/Versions/A/CoreServicesInternal
0x000000005486e000 	/System/Library/CoreServices/RawCamera.bundle/Contents/MacOS/RawCamera
0x000000005486e000 	/System/Library/Frameworks/Accelerate.framework/Versions/A/Frameworks/vImage.framework/Versions/A/Libraries/libCGInterfaces.dylib
0x000000005486e000 	/System/Library/Frameworks/ApplicationServices.framework/Versions/A/Frameworks/ATS.framework/Versions/A/Resources/libTrueTypeScaler.dylib
0x0000000112baf000 	/System/Library/Frameworks/OpenGL.framework/Resources/GLEngine.bundle/GLEngine
0x000000005486e000 	/System/Library/Frameworks/OpenGL.framework/Versions/A/Libraries/libGLProgrammability.dylib
0x0000000121f31000 	/System/Library/Extensions/AppleIntelBDWGraphicsGLDriver.bundle/Contents/MacOS/AppleIntelBDWGraphicsGLDriver
0x000000005486e000 	/System/Library/PrivateFrameworks/GPUSupport.framework/Versions/A/Libraries/libGPUSupportMercury.dylib
0x0000000112d94000 	/System/Library/Frameworks/OpenGL.framework/Resources//GLRendererFloat.bundle/GLRendererFloat
0x000000005486e000 	/System/Library/Frameworks/OpenCL.framework/Versions/A/Libraries/libcldcpuengine.dylib
0x000000005486e000 	/usr/lib/libcrypto.0.9.8.dylib
0x000000005486e000 	/System/Library/PrivateFrameworks/TrustEvaluationAgent.framework/Versions/A/TrustEvaluationAgent
0x000000012269b000 	/System/Library/Extensions/AppleIntelBDWGraphicsMTLDriver.bundle/Contents/MacOS/AppleIntelBDWGraphicsMTLDriver
0x000000005486e000 	/System/Library/PrivateFrameworks/FamilyControls.framework/Versions/A/FamilyControls
0x000000005486e000 	/System/Library/PrivateFrameworks/CommerceKit.framework/Versions/A/Frameworks/CommerceCore.framework/Versions/A/CommerceCore
0x000000005486e000 	/System/Library/PrivateFrameworks/SystemAdministration.framework/Versions/A/SystemAdministration
0x000000005486e000 	/System/Library/PrivateFrameworks/AppContainer.framework/Versions/A/AppContainer
0x000000005486e000 	/System/Library/PrivateFrameworks/SecCodeWrapper.framework/Versions/A/SecCodeWrapper
0x000000005486e000 	/System/Library/Frameworks/DirectoryService.framework/Versions/A/DirectoryService
0x000000005486e000 	/System/Library/PrivateFrameworks/DiskImages.framework/Versions/A/DiskImages
0x000000005486e000 	/System/Library/PrivateFrameworks/LoginUIKit.framework/Versions/A/Frameworks/LoginUICore.framework/Versions/A/LoginUICore
0x000000005486e000 	/usr/lib/libCoreStorage.dylib
0x000000005486e000 	/usr/lib/libcsfde.dylib
0x000000005486e000 	/usr/lib/libodfde.dylib
0x000000005486e000 	/System/Library/Frameworks/DiscRecording.framework/Versions/A/DiscRecording
0x000000005486e000 	/usr/lib/libcurl.4.dylib
0x000000005486e000 	/System/Library/PrivateFrameworks/MediaKit.framework/Versions/A/MediaKit
0x000000005486e000 	/System/Library/PrivateFrameworks/ProtectedCloudStorage.framework/Versions/A/ProtectedCloudStorage
0x000000005486e000 	/System/Library/PrivateFrameworks/EFILogin.framework/Versions/A/EFILogin
0x000000005486e000 	/usr/lib/libutil.dylib
0x000000005486e000 	/System/Library/Frameworks/LDAP.framework/Versions/A/LDAP
0x000000005486e000 	/usr/lib/libsasl2.2.dylib
0x000000005486e000 	/System/Library/PrivateFrameworks/CoreDaemon.framework/Versions/B/CoreDaemon
0x000000005486e000 	/System/Library/PrivateFrameworks/AppleSRP.framework/Versions/A/AppleSRP
0x000000005486e000 	/System/Library/PrivateFrameworks/APFS.framework/Versions/A/APFS
0x0000000123d78000 	/Library/Java/JavaVirtualMachines/jdk1.8.0_152.jdk/Contents/Home/jre/lib/libfontmanager.dylib
0x0000000123ddf000 	/Users/Chayce/git/JIG/lib/lwjgl-2.9.0/native/macosx/liblwjgl.jnilib
0x0000000111fd5000 	/Library/Java/JavaVirtualMachines/jdk1.8.0_152.jdk/Contents/Home/jre/lib/libjawt.dylib
0x000000005486e000 	/System/Library/PrivateFrameworks/ViewBridge.framework/Versions/A/ViewBridge
0x000000005486e000 	/System/Library/PrivateFrameworks/XPCService.framework/Versions/A/XPCService
0x000000005486e000 	/System/Library/PrivateFrameworks/AppSandbox.framework/Versions/A/AppSandbox
0x000000005486e000 	/usr/lib/libsandbox.1.dylib
0x000000005486e000 	/usr/lib/libMatch.1.dylib
0x0000000112e9f000 	/Users/Chayce/git/JIG/lib/lwjgl-2.9.0/native/macosx/libjinput-osx.jnilib
0x0000000125ad8000 	/System/Library/Extensions/IOHIDFamily.kext/Contents/PlugIns/IOHIDLib.plugin/Contents/MacOS/IOHIDLib
0x000000012657d000 	/Library/Java/JavaVirtualMachines/jdk1.8.0_152.jdk/Contents/Home/jre/lib/libnet.dylib
0x00000001269c2000 	/Library/Java/JavaVirtualMachines/jdk1.8.0_152.jdk/Contents/Home/jre/lib/libnio.dylib
0x00000001522cd000 	/Library/Java/JavaVirtualMachines/jdk1.8.0_152.jdk/Contents/Home/jre/lib/libdcpr.dylib

VM Arguments:
jvm_args: -Djava.library.path=/Users/Chayce/git/JIG/lib/lwjgl-2.9.0/native/macosx:/Users/Chayce/git/JIG/lib/lwjgl-2.9.0/native/macosx -Dfile.encoding=UTF-8 
java_command: gauntlet.Gauntlet
java_class_path (initial): /Library/Java/JavaVirtualMachines/jdk1.8.0_152.jdk/Contents/Home/jre/lib/resources.jar:/Library/Java/JavaVirtualMachines/jdk1.8.0_152.jdk/Contents/Home/jre/lib/rt.jar:/Library/Java/JavaVirtualMachines/jdk1.8.0_152.jdk/Contents/Home/jre/lib/jsse.jar:/Library/Java/JavaVirtualMachines/jdk1.8.0_152.jdk/Contents/Home/jre/lib/jce.jar:/Library/Java/JavaVirtualMachines/jdk1.8.0_152.jdk/Contents/Home/jre/lib/charsets.jar:/Library/Java/JavaVirtualMachines/jdk1.8.0_152.jdk/Contents/Home/jre/lib/jfr.jar:/Library/Java/JavaVirtualMachines/jdk1.8.0_152.jdk/Contents/Home/jre/lib/ext/cldrdata.jar:/Library/Java/JavaVirtualMachines/jdk1.8.0_152.jdk/Contents/Home/jre/lib/ext/dnsns.jar:/Library/Java/JavaVirtualMachines/jdk1.8.0_152.jdk/Contents/Home/jre/lib/ext/jaccess.jar:/Library/Java/JavaVirtualMachines/jdk1.8.0_152.jdk/Contents/Home/jre/lib/ext/jfxrt.jar:/Library/Java/JavaVirtualMachines/jdk1.8.0_152.jdk/Contents/Home/jre/lib/ext/localedata.jar:/Library/Java/JavaVirtualMachines/jdk1.8.0_152.jdk/Contents/Home/jre/lib/ext/nashorn.jar:/Library/Java/JavaVirtualMachines/jdk1.8.0_152.jdk/Contents/Home/jre/lib/ext/sunec.jar:/Library/Java/JavaVirtualMachines/jdk1.8.0_152.jdk/Contents/Home/jre/lib/ext/sunjce_provider.jar:/Library/Java/JavaVirtualMachines/jdk1.8.0_152.jdk/Contents/Home/jre/lib/ext/sunpkcs11.jar:/Library/Java/JavaVirtualMachines/jdk1.8.0_152.jdk/Contents/Home/jre/lib/ext/zipfs.jar:/System/Library/Java/Extensions/MRJToolkit.jar:/Users/Chayce/git/Gauntlet/bin:/Users/Chayce/git/JIG/lib/slick.jar:/Users/Chayce/git/JIG/jig/bin:/Users/Chayce/git/JIG/lib/lwjgl-2.9.0/jar/jinput.jar:/Users/Chayce/git/JIG/lib/lwjgl-2.9.0/jar/lwjgl.jar:/Users/Chayce/git/JIG/lib/jogg-0.0.7.jar:/Users/Chayce/git/JIG/lib/jorbis-0.0.15.jar
Launcher Type: SUN_STANDARD

Environment Variables:
PATH=/usr/bin:/bin:/usr/sbin:/sbin
SHELL=/bin/zsh
DISPLAY=/private/tmp/com.apple.launchd.ANiaBHpxnE/org.macosforge.xquartz:0

Signal Handlers:
SIGSEGV: [libjvm.dylib+0x5b494d], sa_mask[0]=11111111011111110111111111111111, sa_flags=SA_ONSTACK|SA_RESTART|SA_SIGINFO
SIGBUS: [libjvm.dylib+0x5b494d], sa_mask[0]=11111111011111110111111111111111, sa_flags=SA_RESTART|SA_SIGINFO
SIGFPE: [libjvm.dylib+0x48ab54], sa_mask[0]=11111111011111110111111111111111, sa_flags=SA_RESTART|SA_SIGINFO
SIGPIPE: [libjvm.dylib+0x48ab54], sa_mask[0]=11111111011111110111111111111111, sa_flags=SA_RESTART|SA_SIGINFO
SIGXFSZ: [libjvm.dylib+0x48ab54], sa_mask[0]=11111111011111110111111111111111, sa_flags=SA_RESTART|SA_SIGINFO
SIGILL: [libjvm.dylib+0x48ab54], sa_mask[0]=11111111011111110111111111111111, sa_flags=SA_RESTART|SA_SIGINFO
SIGUSR1: SIG_DFL, sa_mask[0]=00000000000000000000000000000000, sa_flags=none
SIGUSR2: [libjvm.dylib+0x48a672], sa_mask[0]=00100000000000000000000000000000, sa_flags=SA_RESTART|SA_SIGINFO
SIGHUP: [libjvm.dylib+0x488c49], sa_mask[0]=11111111011111110111111111111111, sa_flags=SA_RESTART|SA_SIGINFO
SIGINT: [libjvm.dylib+0x488c49], sa_mask[0]=11111111011111110111111111111111, sa_flags=SA_RESTART|SA_SIGINFO
SIGTERM: [libjvm.dylib+0x488c49], sa_mask[0]=11111111011111110111111111111111, sa_flags=SA_RESTART|SA_SIGINFO
SIGQUIT: [libjvm.dylib+0x488c49], sa_mask[0]=11111111011111110111111111111111, sa_flags=SA_RESTART|SA_SIGINFO


---------------  S Y S T E M  ---------------

OS:Bsduname:Darwin 16.7.0 Darwin Kernel Version 16.7.0: Thu Jun 21 20:07:39 PDT 2018; root:xnu-3789.73.14~1/RELEASE_X86_64 x86_64
rlimit: STACK 8192k, CORE 0k, NPROC 709, NOFILE 10240, AS infinity
load average:1.91 1.94 1.90

CPU:total 4 (initial active 4) (2 cores per cpu, 2 threads per core) family 6 model 61 stepping 4, cmov, cx8, fxsr, mmx, sse, sse2, sse3, ssse3, sse4.1, sse4.2, popcnt, avx, avx2, aes, clmul, erms, 3dnowpref, lzcnt, ht, tsc, tscinvbit, bmi1, bmi2, adx

Memory: 4k page, physical 8388608k(69184k free)

/proc/meminfo:


vm_info: Java HotSpot(TM) 64-Bit Server VM (25.152-b16) for bsd-amd64 JRE (1.8.0_152-b16), built on Sep 14 2017 02:31:13 by "java_re" with gcc 4.2.1 (Based on Apple Inc. build 5658) (LLVM build 2336.11.00)

time: Mon Nov 12 15:21:41 2018
elapsed time: 157 seconds (0d 0h 2m 37s)

